ARM GAS  /tmp/ccjF39TB.s 			page 1


   1              		.cpu cortex-m7
   2              		.eabi_attribute 27, 1
   3              		.eabi_attribute 28, 1
   4              		.eabi_attribute 20, 1
   5              		.eabi_attribute 21, 1
   6              		.eabi_attribute 23, 3
   7              		.eabi_attribute 24, 1
   8              		.eabi_attribute 25, 1
   9              		.eabi_attribute 26, 1
  10              		.eabi_attribute 30, 1
  11              		.eabi_attribute 34, 1
  12              		.eabi_attribute 18, 4
  13              		.file	"main.c"
  14              		.text
  15              	.Ltext0:
  16              		.cfi_sections	.debug_frame
  17              		.section	.text.HAL_TIM_PeriodElapsedCallback,"ax",%progbits
  18              		.align	1
  19              		.global	HAL_TIM_PeriodElapsedCallback
  20              		.syntax unified
  21              		.thumb
  22              		.thumb_func
  23              		.fpu fpv5-sp-d16
  25              	HAL_TIM_PeriodElapsedCallback:
  26              	.LFB161:
  27              		.file 1 "Src/main.c"
   1:Src/main.c    **** 
   2:Src/main.c    **** /**
   3:Src/main.c    ****   ******************************************************************************
   4:Src/main.c    ****   * @file           : main.c
   5:Src/main.c    ****   * @brief          : Main program body
   6:Src/main.c    ****   ******************************************************************************
   7:Src/main.c    ****   * This notice applies to any and all portions of this file
   8:Src/main.c    ****   * that are not between comment pairs USER CODE BEGIN and
   9:Src/main.c    ****   * USER CODE END. Other portions of this file, whether
  10:Src/main.c    ****   * inserted by the user or by software development tools
  11:Src/main.c    ****   * are owned by their respective copyright owners.
  12:Src/main.c    ****   *
  13:Src/main.c    ****   * Copyright (c) 2018 STMicroelectronics International N.V.
  14:Src/main.c    ****   * All rights reserved.
  15:Src/main.c    ****   *
  16:Src/main.c    ****   * Redistribution and use in source and binary forms, with or without
  17:Src/main.c    ****   * modification, are permitted, provided that the following conditions are met:
  18:Src/main.c    ****   *
  19:Src/main.c    ****   * 1. Redistribution of source code must retain the above copyright notice,
  20:Src/main.c    ****   *    this list of conditions and the following disclaimer.
  21:Src/main.c    ****   * 2. Redistributions in binary form must reproduce the above copyright notice,
  22:Src/main.c    ****   *    this list of conditions and the following disclaimer in the documentation
  23:Src/main.c    ****   *    and/or other materials provided with the distribution.
  24:Src/main.c    ****   * 3. Neither the name of STMicroelectronics nor the names of other
  25:Src/main.c    ****   *    contributors to this software may be used to endorse or promote products
  26:Src/main.c    ****   *    derived from this software without specific written permission.
  27:Src/main.c    ****   * 4. This software, including modifications and/or derivative works of this
  28:Src/main.c    ****   *    software, must execute solely and exclusively on microcontroller or
  29:Src/main.c    ****   *    microprocessor devices manufactured by or for STMicroelectronics.
  30:Src/main.c    ****   * 5. Redistribution and use of this software other than as permitted under
  31:Src/main.c    ****   *    this license is void and will automatically terminate your rights under
ARM GAS  /tmp/ccjF39TB.s 			page 2


  32:Src/main.c    ****   *    this license.
  33:Src/main.c    ****   *
  34:Src/main.c    ****   * THIS SOFTWARE IS PROVIDED BY STMICROELECTRONICS AND CONTRIBUTORS "AS IS"
  35:Src/main.c    ****   * AND ANY EXPRESS, IMPLIED OR STATUTORY WARRANTIES, INCLUDING, BUT NOT
  36:Src/main.c    ****   * LIMITED TO, THE IMPLIED WARRANTIES OF MERCHANTABILITY, FITNESS FOR A
  37:Src/main.c    ****   * PARTICULAR PURPOSE AND NON-INFRINGEMENT OF THIRD PARTY INTELLECTUAL PROPERTY
  38:Src/main.c    ****   * RIGHTS ARE DISCLAIMED TO THE FULLEST EXTENT PERMITTED BY LAW. IN NO EVENT
  39:Src/main.c    ****   * SHALL STMICROELECTRONICS OR CONTRIBUTORS BE LIABLE FOR ANY DIRECT, INDIRECT,
  40:Src/main.c    ****   * INCIDENTAL, SPECIAL, EXEMPLARY, OR CONSEQUENTIAL DAMAGES (INCLUDING, BUT NOT
  41:Src/main.c    ****   * LIMITED TO, PROCUREMENT OF SUBSTITUTE GOODS OR SERVICES; LOSS OF USE, DATA,
  42:Src/main.c    ****   * OR PROFITS; OR BUSINESS INTERRUPTION) HOWEVER CAUSED AND ON ANY THEORY OF
  43:Src/main.c    ****   * LIABILITY, WHETHER IN CONTRACT, STRICT LIABILITY, OR TORT (INCLUDING
  44:Src/main.c    ****   * NEGLIGENCE OR OTHERWISE) ARISING IN ANY WAY OUT OF THE USE OF THIS SOFTWARE,
  45:Src/main.c    ****   * EVEN IF ADVISED OF THE POSSIBILITY OF SUCH DAMAGE.
  46:Src/main.c    ****   *
  47:Src/main.c    ****   ******************************************************************************
  48:Src/main.c    ****   */
  49:Src/main.c    **** /* Includes ------------------------------------------------------------------*/
  50:Src/main.c    **** #include "main.h"
  51:Src/main.c    **** #include "stm32f7xx_hal.h"
  52:Src/main.c    **** #include "cmsis_os.h"
  53:Src/main.c    **** #include "adc.h"
  54:Src/main.c    **** #include "crc.h"
  55:Src/main.c    **** #include "dcmi.h"
  56:Src/main.c    **** #include "dma2d.h"
  57:Src/main.c    **** #include "fatfs.h"
  58:Src/main.c    **** #include "i2c.h"
  59:Src/main.c    **** #include "ltdc.h"
  60:Src/main.c    **** #include "lwip.h"
  61:Src/main.c    **** #include "quadspi.h"
  62:Src/main.c    **** #include "rtc.h"
  63:Src/main.c    **** #include "sai.h"
  64:Src/main.c    **** #include "sdmmc.h"
  65:Src/main.c    **** #include "spdifrx.h"
  66:Src/main.c    **** #include "spi.h"
  67:Src/main.c    **** #include "tim.h"
  68:Src/main.c    **** #include "usart.h"
  69:Src/main.c    **** #include "usb_host.h"
  70:Src/main.c    **** #include "usb_otg_hs.h"
  71:Src/main.c    **** #include "gpio.h"
  72:Src/main.c    **** #include "fmc.h"
  73:Src/main.c    **** 
  74:Src/main.c    **** /* USER CODE BEGIN Includes */
  75:Src/main.c    **** #include "functionsundertest.h"
  76:Src/main.c    **** /* USER CODE END Includes */
  77:Src/main.c    **** 
  78:Src/main.c    **** /* Private variables ---------------------------------------------------------*/
  79:Src/main.c    **** 
  80:Src/main.c    **** /* USER CODE BEGIN PV */
  81:Src/main.c    **** /* Private variables ---------------------------------------------------------*/
  82:Src/main.c    **** 
  83:Src/main.c    **** /* USER CODE END PV */
  84:Src/main.c    **** 
  85:Src/main.c    **** /* Private function prototypes -----------------------------------------------*/
  86:Src/main.c    **** void SystemClock_Config(void);
  87:Src/main.c    **** void MX_FREERTOS_Init(void);
  88:Src/main.c    **** 
ARM GAS  /tmp/ccjF39TB.s 			page 3


  89:Src/main.c    **** /* USER CODE BEGIN PFP */
  90:Src/main.c    **** /* Private function prototypes -----------------------------------------------*/
  91:Src/main.c    **** 
  92:Src/main.c    **** /* USER CODE END PFP */
  93:Src/main.c    **** 
  94:Src/main.c    **** /* USER CODE BEGIN 0 */
  95:Src/main.c    **** 
  96:Src/main.c    **** /* USER CODE END 0 */
  97:Src/main.c    **** 
  98:Src/main.c    **** /**
  99:Src/main.c    ****   * @brief  The application entry point.
 100:Src/main.c    ****   *
 101:Src/main.c    ****   * @retval None
 102:Src/main.c    ****   */
 103:Src/main.c    **** int main(void)
 104:Src/main.c    **** {
 105:Src/main.c    ****   /* USER CODE BEGIN 1 */
 106:Src/main.c    **** 
 107:Src/main.c    ****   /* USER CODE END 1 */
 108:Src/main.c    **** 
 109:Src/main.c    ****   /* MCU Configuration----------------------------------------------------------*/
 110:Src/main.c    **** 
 111:Src/main.c    ****   /* Reset of all peripherals, Initializes the Flash interface and the Systick. */
 112:Src/main.c    ****   HAL_Init();
 113:Src/main.c    **** 
 114:Src/main.c    ****   /* USER CODE BEGIN Init */
 115:Src/main.c    **** 
 116:Src/main.c    ****   /* USER CODE END Init */
 117:Src/main.c    **** 
 118:Src/main.c    ****   /* Configure the system clock */
 119:Src/main.c    ****   SystemClock_Config();
 120:Src/main.c    **** 
 121:Src/main.c    ****   /* USER CODE BEGIN SysInit */
 122:Src/main.c    **** 
 123:Src/main.c    ****   /* USER CODE END SysInit */
 124:Src/main.c    **** 
 125:Src/main.c    ****   /* Initialize all configured peripherals */
 126:Src/main.c    ****   MX_GPIO_Init();
 127:Src/main.c    ****   MX_ADC3_Init();
 128:Src/main.c    ****   MX_CRC_Init();
 129:Src/main.c    ****   MX_DCMI_Init();
 130:Src/main.c    ****   MX_I2C1_Init();
 131:Src/main.c    ****   MX_I2C3_Init();
 132:Src/main.c    ****   MX_QUADSPI_Init();
 133:Src/main.c    ****   MX_RTC_Init();
 134:Src/main.c    ****   MX_SAI2_Init();
 135:Src/main.c    ****   MX_SDMMC1_SD_Init();
 136:Src/main.c    ****   MX_SPDIFRX_Init();
 137:Src/main.c    ****   MX_SPI2_Init();
 138:Src/main.c    ****   MX_TIM1_Init();
 139:Src/main.c    ****   MX_TIM2_Init();
 140:Src/main.c    ****   MX_TIM3_Init();
 141:Src/main.c    ****   MX_TIM5_Init();
 142:Src/main.c    ****   MX_TIM8_Init();
 143:Src/main.c    ****   MX_TIM12_Init();
 144:Src/main.c    ****   MX_USART1_UART_Init();
 145:Src/main.c    ****   MX_USART6_UART_Init();
ARM GAS  /tmp/ccjF39TB.s 			page 4


 146:Src/main.c    ****   MX_USB_OTG_HS_HCD_Init();
 147:Src/main.c    ****   MX_DMA2D_Init();
 148:Src/main.c    ****   MX_FMC_Init();
 149:Src/main.c    ****   MX_LTDC_Init();
 150:Src/main.c    ****   /* USER CODE BEGIN 2 */
 151:Src/main.c    **** 
 152:Src/main.c    ****   /* USER CODE END 2 */
 153:Src/main.c    **** 
 154:Src/main.c    ****   /* Call init function for freertos objects (in freertos.c) */
 155:Src/main.c    ****   MX_FREERTOS_Init();
 156:Src/main.c    **** 
 157:Src/main.c    ****   /* Start scheduler */
 158:Src/main.c    ****   osKernelStart();
 159:Src/main.c    **** 
 160:Src/main.c    ****   /* We should never get here as control is now taken by the scheduler */
 161:Src/main.c    **** 
 162:Src/main.c    ****   /* Infinite loop */
 163:Src/main.c    ****   /* USER CODE BEGIN WHILE */
 164:Src/main.c    ****   while (1)
 165:Src/main.c    ****   {
 166:Src/main.c    **** 
 167:Src/main.c    ****   /* USER CODE END WHILE */
 168:Src/main.c    **** 
 169:Src/main.c    ****   /* USER CODE BEGIN 3 */
 170:Src/main.c    **** 
 171:Src/main.c    ****   /* Add functions to test via unit testing */
 172:Src/main.c    ****   AverageThreeBytes(3,5,7);
 173:Src/main.c    **** 
 174:Src/main.c    ****   }
 175:Src/main.c    ****   /* USER CODE END 3 */
 176:Src/main.c    **** 
 177:Src/main.c    **** }
 178:Src/main.c    **** 
 179:Src/main.c    **** /**
 180:Src/main.c    ****   * @brief System Clock Configuration
 181:Src/main.c    ****   * @retval None
 182:Src/main.c    ****   */
 183:Src/main.c    **** void SystemClock_Config(void)
 184:Src/main.c    **** {
 185:Src/main.c    **** 
 186:Src/main.c    ****   RCC_OscInitTypeDef RCC_OscInitStruct;
 187:Src/main.c    ****   RCC_ClkInitTypeDef RCC_ClkInitStruct;
 188:Src/main.c    ****   RCC_PeriphCLKInitTypeDef PeriphClkInitStruct;
 189:Src/main.c    **** 
 190:Src/main.c    ****     /**Configure the main internal regulator output voltage
 191:Src/main.c    ****     */
 192:Src/main.c    ****   __HAL_RCC_PWR_CLK_ENABLE();
 193:Src/main.c    **** 
 194:Src/main.c    ****   __HAL_PWR_VOLTAGESCALING_CONFIG(PWR_REGULATOR_VOLTAGE_SCALE1);
 195:Src/main.c    **** 
 196:Src/main.c    ****     /**Initializes the CPU, AHB and APB busses clocks
 197:Src/main.c    ****     */
 198:Src/main.c    ****   RCC_OscInitStruct.OscillatorType = RCC_OSCILLATORTYPE_LSI|RCC_OSCILLATORTYPE_HSE;
 199:Src/main.c    ****   RCC_OscInitStruct.HSEState = RCC_HSE_ON;
 200:Src/main.c    ****   RCC_OscInitStruct.LSIState = RCC_LSI_ON;
 201:Src/main.c    ****   RCC_OscInitStruct.PLL.PLLState = RCC_PLL_ON;
 202:Src/main.c    ****   RCC_OscInitStruct.PLL.PLLSource = RCC_PLLSOURCE_HSE;
ARM GAS  /tmp/ccjF39TB.s 			page 5


 203:Src/main.c    ****   RCC_OscInitStruct.PLL.PLLM = 25;
 204:Src/main.c    ****   RCC_OscInitStruct.PLL.PLLN = 400;
 205:Src/main.c    ****   RCC_OscInitStruct.PLL.PLLP = RCC_PLLP_DIV2;
 206:Src/main.c    ****   RCC_OscInitStruct.PLL.PLLQ = 9;
 207:Src/main.c    ****   if (HAL_RCC_OscConfig(&RCC_OscInitStruct) != HAL_OK)
 208:Src/main.c    ****   {
 209:Src/main.c    ****     _Error_Handler(__FILE__, __LINE__);
 210:Src/main.c    ****   }
 211:Src/main.c    **** 
 212:Src/main.c    ****     /**Activate the Over-Drive mode
 213:Src/main.c    ****     */
 214:Src/main.c    ****   if (HAL_PWREx_EnableOverDrive() != HAL_OK)
 215:Src/main.c    ****   {
 216:Src/main.c    ****     _Error_Handler(__FILE__, __LINE__);
 217:Src/main.c    ****   }
 218:Src/main.c    **** 
 219:Src/main.c    ****     /**Initializes the CPU, AHB and APB busses clocks
 220:Src/main.c    ****     */
 221:Src/main.c    ****   RCC_ClkInitStruct.ClockType = RCC_CLOCKTYPE_HCLK|RCC_CLOCKTYPE_SYSCLK
 222:Src/main.c    ****                               |RCC_CLOCKTYPE_PCLK1|RCC_CLOCKTYPE_PCLK2;
 223:Src/main.c    ****   RCC_ClkInitStruct.SYSCLKSource = RCC_SYSCLKSOURCE_PLLCLK;
 224:Src/main.c    ****   RCC_ClkInitStruct.AHBCLKDivider = RCC_SYSCLK_DIV1;
 225:Src/main.c    ****   RCC_ClkInitStruct.APB1CLKDivider = RCC_HCLK_DIV4;
 226:Src/main.c    ****   RCC_ClkInitStruct.APB2CLKDivider = RCC_HCLK_DIV2;
 227:Src/main.c    **** 
 228:Src/main.c    ****   if (HAL_RCC_ClockConfig(&RCC_ClkInitStruct, FLASH_LATENCY_6) != HAL_OK)
 229:Src/main.c    ****   {
 230:Src/main.c    ****     _Error_Handler(__FILE__, __LINE__);
 231:Src/main.c    ****   }
 232:Src/main.c    **** 
 233:Src/main.c    ****   PeriphClkInitStruct.PeriphClockSelection = RCC_PERIPHCLK_SPDIFRX|RCC_PERIPHCLK_LTDC
 234:Src/main.c    ****                               |RCC_PERIPHCLK_RTC|RCC_PERIPHCLK_USART1
 235:Src/main.c    ****                               |RCC_PERIPHCLK_USART6|RCC_PERIPHCLK_SAI2
 236:Src/main.c    ****                               |RCC_PERIPHCLK_I2C1|RCC_PERIPHCLK_I2C3
 237:Src/main.c    ****                               |RCC_PERIPHCLK_SDMMC1|RCC_PERIPHCLK_CLK48;
 238:Src/main.c    ****   PeriphClkInitStruct.PLLI2S.PLLI2SN = 100;
 239:Src/main.c    ****   PeriphClkInitStruct.PLLI2S.PLLI2SP = RCC_PLLP_DIV2;
 240:Src/main.c    ****   PeriphClkInitStruct.PLLI2S.PLLI2SR = 2;
 241:Src/main.c    ****   PeriphClkInitStruct.PLLI2S.PLLI2SQ = 2;
 242:Src/main.c    ****   PeriphClkInitStruct.PLLSAI.PLLSAIN = 384;
 243:Src/main.c    ****   PeriphClkInitStruct.PLLSAI.PLLSAIR = 5;
 244:Src/main.c    ****   PeriphClkInitStruct.PLLSAI.PLLSAIQ = 2;
 245:Src/main.c    ****   PeriphClkInitStruct.PLLSAI.PLLSAIP = RCC_PLLSAIP_DIV8;
 246:Src/main.c    ****   PeriphClkInitStruct.PLLI2SDivQ = 1;
 247:Src/main.c    ****   PeriphClkInitStruct.PLLSAIDivQ = 1;
 248:Src/main.c    ****   PeriphClkInitStruct.PLLSAIDivR = RCC_PLLSAIDIVR_8;
 249:Src/main.c    ****   PeriphClkInitStruct.RTCClockSelection = RCC_RTCCLKSOURCE_LSI;
 250:Src/main.c    ****   PeriphClkInitStruct.Sai2ClockSelection = RCC_SAI2CLKSOURCE_PLLSAI;
 251:Src/main.c    ****   PeriphClkInitStruct.Usart1ClockSelection = RCC_USART1CLKSOURCE_PCLK2;
 252:Src/main.c    ****   PeriphClkInitStruct.Usart6ClockSelection = RCC_USART6CLKSOURCE_PCLK2;
 253:Src/main.c    ****   PeriphClkInitStruct.I2c1ClockSelection = RCC_I2C1CLKSOURCE_PCLK1;
 254:Src/main.c    ****   PeriphClkInitStruct.I2c3ClockSelection = RCC_I2C3CLKSOURCE_PCLK1;
 255:Src/main.c    ****   PeriphClkInitStruct.Clk48ClockSelection = RCC_CLK48SOURCE_PLLSAIP;
 256:Src/main.c    ****   PeriphClkInitStruct.Sdmmc1ClockSelection = RCC_SDMMC1CLKSOURCE_CLK48;
 257:Src/main.c    ****   if (HAL_RCCEx_PeriphCLKConfig(&PeriphClkInitStruct) != HAL_OK)
 258:Src/main.c    ****   {
 259:Src/main.c    ****     _Error_Handler(__FILE__, __LINE__);
ARM GAS  /tmp/ccjF39TB.s 			page 6


 260:Src/main.c    ****   }
 261:Src/main.c    **** 
 262:Src/main.c    ****     /**Configure the Systick interrupt time
 263:Src/main.c    ****     */
 264:Src/main.c    ****   HAL_SYSTICK_Config(HAL_RCC_GetHCLKFreq()/1000);
 265:Src/main.c    **** 
 266:Src/main.c    ****     /**Configure the Systick
 267:Src/main.c    ****     */
 268:Src/main.c    ****   HAL_SYSTICK_CLKSourceConfig(SYSTICK_CLKSOURCE_HCLK);
 269:Src/main.c    **** 
 270:Src/main.c    ****   /* SysTick_IRQn interrupt configuration */
 271:Src/main.c    ****   HAL_NVIC_SetPriority(SysTick_IRQn, 15, 0);
 272:Src/main.c    **** }
 273:Src/main.c    **** 
 274:Src/main.c    **** /* USER CODE BEGIN 4 */
 275:Src/main.c    **** 
 276:Src/main.c    **** /* USER CODE END 4 */
 277:Src/main.c    **** 
 278:Src/main.c    **** /**
 279:Src/main.c    ****   * @brief  Period elapsed callback in non blocking mode
 280:Src/main.c    ****   * @note   This function is called  when TIM6 interrupt took place, inside
 281:Src/main.c    ****   * HAL_TIM_IRQHandler(). It makes a direct call to HAL_IncTick() to increment
 282:Src/main.c    ****   * a global variable "uwTick" used as application time base.
 283:Src/main.c    ****   * @param  htim : TIM handle
 284:Src/main.c    ****   * @retval None
 285:Src/main.c    ****   */
 286:Src/main.c    **** void HAL_TIM_PeriodElapsedCallback(TIM_HandleTypeDef *htim)
 287:Src/main.c    **** {
  28              		.loc 1 287 0
  29              		.cfi_startproc
  30              		@ args = 0, pretend = 0, frame = 0
  31              		@ frame_needed = 0, uses_anonymous_args = 0
  32              	.LVL0:
  33 0000 08B5     		push	{r3, lr}
  34              	.LCFI0:
  35              		.cfi_def_cfa_offset 8
  36              		.cfi_offset 3, -8
  37              		.cfi_offset 14, -4
 288:Src/main.c    ****   /* USER CODE BEGIN Callback 0 */
 289:Src/main.c    **** 
 290:Src/main.c    ****   /* USER CODE END Callback 0 */
 291:Src/main.c    ****   if (htim->Instance == TIM6) {
  38              		.loc 1 291 0
  39 0002 0268     		ldr	r2, [r0]
  40 0004 034B     		ldr	r3, .L5
  41 0006 9A42     		cmp	r2, r3
  42 0008 00D0     		beq	.L4
  43              	.LVL1:
  44              	.L1:
 292:Src/main.c    ****     HAL_IncTick();
 293:Src/main.c    ****   }
 294:Src/main.c    ****   /* USER CODE BEGIN Callback 1 */
 295:Src/main.c    **** 
 296:Src/main.c    ****   /* USER CODE END Callback 1 */
 297:Src/main.c    **** }
  45              		.loc 1 297 0
  46 000a 08BD     		pop	{r3, pc}
ARM GAS  /tmp/ccjF39TB.s 			page 7


  47              	.LVL2:
  48              	.L4:
 292:Src/main.c    ****     HAL_IncTick();
  49              		.loc 1 292 0
  50 000c FFF7FEFF 		bl	HAL_IncTick
  51              	.LVL3:
  52              		.loc 1 297 0
  53 0010 FBE7     		b	.L1
  54              	.L6:
  55 0012 00BF     		.align	2
  56              	.L5:
  57 0014 00100040 		.word	1073745920
  58              		.cfi_endproc
  59              	.LFE161:
  61              		.section	.text._Error_Handler,"ax",%progbits
  62              		.align	1
  63              		.global	_Error_Handler
  64              		.syntax unified
  65              		.thumb
  66              		.thumb_func
  67              		.fpu fpv5-sp-d16
  69              	_Error_Handler:
  70              	.LFB162:
 298:Src/main.c    **** 
 299:Src/main.c    **** /**
 300:Src/main.c    ****   * @brief  This function is executed in case of error occurrence.
 301:Src/main.c    ****   * @param  file: The file name as string.
 302:Src/main.c    ****   * @param  line: The line in file as a number.
 303:Src/main.c    ****   * @retval None
 304:Src/main.c    ****   */
 305:Src/main.c    **** void _Error_Handler(char *file, int line)
 306:Src/main.c    **** {
  71              		.loc 1 306 0
  72              		.cfi_startproc
  73              		@ Volatile: function does not return.
  74              		@ args = 0, pretend = 0, frame = 0
  75              		@ frame_needed = 0, uses_anonymous_args = 0
  76              		@ link register save eliminated.
  77              	.LVL4:
  78              	.L8:
  79 0000 FEE7     		b	.L8
  80              		.cfi_endproc
  81              	.LFE162:
  83              		.section	.text.SystemClock_Config,"ax",%progbits
  84              		.align	1
  85              		.global	SystemClock_Config
  86              		.syntax unified
  87              		.thumb
  88              		.thumb_func
  89              		.fpu fpv5-sp-d16
  91              	SystemClock_Config:
  92              	.LFB160:
 184:Src/main.c    **** 
  93              		.loc 1 184 0
  94              		.cfi_startproc
  95              		@ args = 0, pretend = 0, frame = 208
  96              		@ frame_needed = 0, uses_anonymous_args = 0
ARM GAS  /tmp/ccjF39TB.s 			page 8


 184:Src/main.c    **** 
  97              		.loc 1 184 0
  98 0000 00B5     		push	{lr}
  99              	.LCFI1:
 100              		.cfi_def_cfa_offset 4
 101              		.cfi_offset 14, -4
 102 0002 B5B0     		sub	sp, sp, #212
 103              	.LCFI2:
 104              		.cfi_def_cfa_offset 216
 105              	.LBB2:
 192:Src/main.c    **** 
 106              		.loc 1 192 0
 107 0004 464B     		ldr	r3, .L19
 108 0006 1A6C     		ldr	r2, [r3, #64]
 109 0008 42F08052 		orr	r2, r2, #268435456
 110 000c 1A64     		str	r2, [r3, #64]
 111 000e 1B6C     		ldr	r3, [r3, #64]
 112 0010 03F08053 		and	r3, r3, #268435456
 113 0014 0093     		str	r3, [sp]
 114 0016 009B     		ldr	r3, [sp]
 115              	.LBE2:
 116              	.LBB3:
 194:Src/main.c    **** 
 117              		.loc 1 194 0
 118 0018 424B     		ldr	r3, .L19+4
 119 001a 1A68     		ldr	r2, [r3]
 120 001c 42F44042 		orr	r2, r2, #49152
 121 0020 1A60     		str	r2, [r3]
 122 0022 1B68     		ldr	r3, [r3]
 123 0024 03F44043 		and	r3, r3, #49152
 124 0028 0193     		str	r3, [sp, #4]
 125 002a 019B     		ldr	r3, [sp, #4]
 126              	.LBE3:
 198:Src/main.c    ****   RCC_OscInitStruct.HSEState = RCC_HSE_ON;
 127              		.loc 1 198 0
 128 002c 0923     		movs	r3, #9
 129 002e 2893     		str	r3, [sp, #160]
 199:Src/main.c    ****   RCC_OscInitStruct.LSIState = RCC_LSI_ON;
 130              		.loc 1 199 0
 131 0030 4FF48032 		mov	r2, #65536
 132 0034 2992     		str	r2, [sp, #164]
 200:Src/main.c    ****   RCC_OscInitStruct.PLL.PLLState = RCC_PLL_ON;
 133              		.loc 1 200 0
 134 0036 0122     		movs	r2, #1
 135 0038 2D92     		str	r2, [sp, #180]
 201:Src/main.c    ****   RCC_OscInitStruct.PLL.PLLSource = RCC_PLLSOURCE_HSE;
 136              		.loc 1 201 0
 137 003a 0222     		movs	r2, #2
 138 003c 2E92     		str	r2, [sp, #184]
 202:Src/main.c    ****   RCC_OscInitStruct.PLL.PLLM = 25;
 139              		.loc 1 202 0
 140 003e 4FF48001 		mov	r1, #4194304
 141 0042 2F91     		str	r1, [sp, #188]
 203:Src/main.c    ****   RCC_OscInitStruct.PLL.PLLN = 400;
 142              		.loc 1 203 0
 143 0044 1921     		movs	r1, #25
 144 0046 3091     		str	r1, [sp, #192]
ARM GAS  /tmp/ccjF39TB.s 			page 9


 204:Src/main.c    ****   RCC_OscInitStruct.PLL.PLLP = RCC_PLLP_DIV2;
 145              		.loc 1 204 0
 146 0048 4FF4C871 		mov	r1, #400
 147 004c 3191     		str	r1, [sp, #196]
 205:Src/main.c    ****   RCC_OscInitStruct.PLL.PLLQ = 9;
 148              		.loc 1 205 0
 149 004e 3292     		str	r2, [sp, #200]
 206:Src/main.c    ****   if (HAL_RCC_OscConfig(&RCC_OscInitStruct) != HAL_OK)
 150              		.loc 1 206 0
 151 0050 3393     		str	r3, [sp, #204]
 207:Src/main.c    ****   {
 152              		.loc 1 207 0
 153 0052 28A8     		add	r0, sp, #160
 154 0054 FFF7FEFF 		bl	HAL_RCC_OscConfig
 155              	.LVL5:
 156 0058 0028     		cmp	r0, #0
 157 005a 50D1     		bne	.L15
 214:Src/main.c    ****   {
 158              		.loc 1 214 0
 159 005c FFF7FEFF 		bl	HAL_PWREx_EnableOverDrive
 160              	.LVL6:
 161 0060 0028     		cmp	r0, #0
 162 0062 50D1     		bne	.L16
 221:Src/main.c    ****                               |RCC_CLOCKTYPE_PCLK1|RCC_CLOCKTYPE_PCLK2;
 163              		.loc 1 221 0
 164 0064 0F23     		movs	r3, #15
 165 0066 2393     		str	r3, [sp, #140]
 223:Src/main.c    ****   RCC_ClkInitStruct.AHBCLKDivider = RCC_SYSCLK_DIV1;
 166              		.loc 1 223 0
 167 0068 0223     		movs	r3, #2
 168 006a 2493     		str	r3, [sp, #144]
 224:Src/main.c    ****   RCC_ClkInitStruct.APB1CLKDivider = RCC_HCLK_DIV4;
 169              		.loc 1 224 0
 170 006c 0023     		movs	r3, #0
 171 006e 2593     		str	r3, [sp, #148]
 225:Src/main.c    ****   RCC_ClkInitStruct.APB2CLKDivider = RCC_HCLK_DIV2;
 172              		.loc 1 225 0
 173 0070 4FF4A053 		mov	r3, #5120
 174 0074 2693     		str	r3, [sp, #152]
 226:Src/main.c    **** 
 175              		.loc 1 226 0
 176 0076 4FF48053 		mov	r3, #4096
 177 007a 2793     		str	r3, [sp, #156]
 228:Src/main.c    ****   {
 178              		.loc 1 228 0
 179 007c 0621     		movs	r1, #6
 180 007e 23A8     		add	r0, sp, #140
 181 0080 FFF7FEFF 		bl	HAL_RCC_ClockConfig
 182              	.LVL7:
 183 0084 0028     		cmp	r0, #0
 184 0086 42D1     		bne	.L17
 233:Src/main.c    ****                               |RCC_PERIPHCLK_RTC|RCC_PERIPHCLK_USART1
 185              		.loc 1 233 0
 186 0088 274B     		ldr	r3, .L19+8
 187 008a 0293     		str	r3, [sp, #8]
 238:Src/main.c    ****   PeriphClkInitStruct.PLLI2S.PLLI2SP = RCC_PLLP_DIV2;
 188              		.loc 1 238 0
ARM GAS  /tmp/ccjF39TB.s 			page 10


 189 008c 6423     		movs	r3, #100
 190 008e 0393     		str	r3, [sp, #12]
 239:Src/main.c    ****   PeriphClkInitStruct.PLLI2S.PLLI2SR = 2;
 191              		.loc 1 239 0
 192 0090 0223     		movs	r3, #2
 193 0092 0693     		str	r3, [sp, #24]
 240:Src/main.c    ****   PeriphClkInitStruct.PLLI2S.PLLI2SQ = 2;
 194              		.loc 1 240 0
 195 0094 0493     		str	r3, [sp, #16]
 241:Src/main.c    ****   PeriphClkInitStruct.PLLSAI.PLLSAIN = 384;
 196              		.loc 1 241 0
 197 0096 0593     		str	r3, [sp, #20]
 242:Src/main.c    ****   PeriphClkInitStruct.PLLSAI.PLLSAIR = 5;
 198              		.loc 1 242 0
 199 0098 4FF4C072 		mov	r2, #384
 200 009c 0792     		str	r2, [sp, #28]
 243:Src/main.c    ****   PeriphClkInitStruct.PLLSAI.PLLSAIQ = 2;
 201              		.loc 1 243 0
 202 009e 0522     		movs	r2, #5
 203 00a0 0992     		str	r2, [sp, #36]
 244:Src/main.c    ****   PeriphClkInitStruct.PLLSAI.PLLSAIP = RCC_PLLSAIP_DIV8;
 204              		.loc 1 244 0
 205 00a2 0893     		str	r3, [sp, #32]
 245:Src/main.c    ****   PeriphClkInitStruct.PLLI2SDivQ = 1;
 206              		.loc 1 245 0
 207 00a4 0323     		movs	r3, #3
 208 00a6 0A93     		str	r3, [sp, #40]
 246:Src/main.c    ****   PeriphClkInitStruct.PLLSAIDivQ = 1;
 209              		.loc 1 246 0
 210 00a8 0123     		movs	r3, #1
 211 00aa 0B93     		str	r3, [sp, #44]
 247:Src/main.c    ****   PeriphClkInitStruct.PLLSAIDivR = RCC_PLLSAIDIVR_8;
 212              		.loc 1 247 0
 213 00ac 0C93     		str	r3, [sp, #48]
 248:Src/main.c    ****   PeriphClkInitStruct.RTCClockSelection = RCC_RTCCLKSOURCE_LSI;
 214              		.loc 1 248 0
 215 00ae 4FF40033 		mov	r3, #131072
 216 00b2 0D93     		str	r3, [sp, #52]
 249:Src/main.c    ****   PeriphClkInitStruct.Sai2ClockSelection = RCC_SAI2CLKSOURCE_PLLSAI;
 217              		.loc 1 249 0
 218 00b4 4FF40073 		mov	r3, #512
 219 00b8 0E93     		str	r3, [sp, #56]
 250:Src/main.c    ****   PeriphClkInitStruct.Usart1ClockSelection = RCC_USART1CLKSOURCE_PCLK2;
 220              		.loc 1 250 0
 221 00ba 0023     		movs	r3, #0
 222 00bc 1293     		str	r3, [sp, #72]
 251:Src/main.c    ****   PeriphClkInitStruct.Usart6ClockSelection = RCC_USART6CLKSOURCE_PCLK2;
 223              		.loc 1 251 0
 224 00be 1393     		str	r3, [sp, #76]
 252:Src/main.c    ****   PeriphClkInitStruct.I2c1ClockSelection = RCC_I2C1CLKSOURCE_PCLK1;
 225              		.loc 1 252 0
 226 00c0 1893     		str	r3, [sp, #96]
 253:Src/main.c    ****   PeriphClkInitStruct.I2c3ClockSelection = RCC_I2C3CLKSOURCE_PCLK1;
 227              		.loc 1 253 0
 228 00c2 1B93     		str	r3, [sp, #108]
 254:Src/main.c    ****   PeriphClkInitStruct.Clk48ClockSelection = RCC_CLK48SOURCE_PLLSAIP;
 229              		.loc 1 254 0
ARM GAS  /tmp/ccjF39TB.s 			page 11


 230 00c4 1D93     		str	r3, [sp, #116]
 255:Src/main.c    ****   PeriphClkInitStruct.Sdmmc1ClockSelection = RCC_SDMMC1CLKSOURCE_CLK48;
 231              		.loc 1 255 0
 232 00c6 4FF00062 		mov	r2, #134217728
 233 00ca 2192     		str	r2, [sp, #132]
 256:Src/main.c    ****   if (HAL_RCCEx_PeriphCLKConfig(&PeriphClkInitStruct) != HAL_OK)
 234              		.loc 1 256 0
 235 00cc 2293     		str	r3, [sp, #136]
 257:Src/main.c    ****   {
 236              		.loc 1 257 0
 237 00ce 02A8     		add	r0, sp, #8
 238 00d0 FFF7FEFF 		bl	HAL_RCCEx_PeriphCLKConfig
 239              	.LVL8:
 240 00d4 F8B9     		cbnz	r0, .L18
 264:Src/main.c    **** 
 241              		.loc 1 264 0
 242 00d6 FFF7FEFF 		bl	HAL_RCC_GetHCLKFreq
 243              	.LVL9:
 244 00da 144B     		ldr	r3, .L19+12
 245 00dc A3FB0030 		umull	r3, r0, r3, r0
 246 00e0 8009     		lsrs	r0, r0, #6
 247 00e2 FFF7FEFF 		bl	HAL_SYSTICK_Config
 248              	.LVL10:
 268:Src/main.c    **** 
 249              		.loc 1 268 0
 250 00e6 0420     		movs	r0, #4
 251 00e8 FFF7FEFF 		bl	HAL_SYSTICK_CLKSourceConfig
 252              	.LVL11:
 271:Src/main.c    **** }
 253              		.loc 1 271 0
 254 00ec 0022     		movs	r2, #0
 255 00ee 0F21     		movs	r1, #15
 256 00f0 4FF0FF30 		mov	r0, #-1
 257 00f4 FFF7FEFF 		bl	HAL_NVIC_SetPriority
 258              	.LVL12:
 272:Src/main.c    **** 
 259              		.loc 1 272 0
 260 00f8 35B0     		add	sp, sp, #212
 261              	.LCFI3:
 262              		.cfi_remember_state
 263              		.cfi_def_cfa_offset 4
 264              		@ sp needed
 265 00fa 5DF804FB 		ldr	pc, [sp], #4
 266              	.L15:
 267              	.LCFI4:
 268              		.cfi_restore_state
 209:Src/main.c    ****   }
 269              		.loc 1 209 0
 270 00fe D121     		movs	r1, #209
 271 0100 0B48     		ldr	r0, .L19+16
 272 0102 FFF7FEFF 		bl	_Error_Handler
 273              	.LVL13:
 274              	.L16:
 216:Src/main.c    ****   }
 275              		.loc 1 216 0
 276 0106 D821     		movs	r1, #216
 277 0108 0948     		ldr	r0, .L19+16
ARM GAS  /tmp/ccjF39TB.s 			page 12


 278 010a FFF7FEFF 		bl	_Error_Handler
 279              	.LVL14:
 280              	.L17:
 230:Src/main.c    ****   }
 281              		.loc 1 230 0
 282 010e E621     		movs	r1, #230
 283 0110 0748     		ldr	r0, .L19+16
 284 0112 FFF7FEFF 		bl	_Error_Handler
 285              	.LVL15:
 286              	.L18:
 259:Src/main.c    ****   }
 287              		.loc 1 259 0
 288 0116 40F20311 		movw	r1, #259
 289 011a 0548     		ldr	r0, .L19+16
 290 011c FFF7FEFF 		bl	_Error_Handler
 291              	.LVL16:
 292              	.L20:
 293              		.align	2
 294              	.L19:
 295 0120 00380240 		.word	1073887232
 296 0124 00700040 		.word	1073770496
 297 0128 6848B101 		.word	28395624
 298 012c D34D6210 		.word	274877907
 299 0130 00000000 		.word	.LC0
 300              		.cfi_endproc
 301              	.LFE160:
 303              		.section	.text.main,"ax",%progbits
 304              		.align	1
 305              		.global	main
 306              		.syntax unified
 307              		.thumb
 308              		.thumb_func
 309              		.fpu fpv5-sp-d16
 311              	main:
 312              	.LFB159:
 104:Src/main.c    ****   /* USER CODE BEGIN 1 */
 313              		.loc 1 104 0
 314              		.cfi_startproc
 315              		@ Volatile: function does not return.
 316              		@ args = 0, pretend = 0, frame = 0
 317              		@ frame_needed = 0, uses_anonymous_args = 0
 318 0000 08B5     		push	{r3, lr}
 319              	.LCFI5:
 320              		.cfi_def_cfa_offset 8
 321              		.cfi_offset 3, -8
 322              		.cfi_offset 14, -4
 112:Src/main.c    **** 
 323              		.loc 1 112 0
 324 0002 FFF7FEFF 		bl	HAL_Init
 325              	.LVL17:
 119:Src/main.c    **** 
 326              		.loc 1 119 0
 327 0006 FFF7FEFF 		bl	SystemClock_Config
 328              	.LVL18:
 126:Src/main.c    ****   MX_ADC3_Init();
 329              		.loc 1 126 0
 330 000a FFF7FEFF 		bl	MX_GPIO_Init
ARM GAS  /tmp/ccjF39TB.s 			page 13


 331              	.LVL19:
 127:Src/main.c    ****   MX_CRC_Init();
 332              		.loc 1 127 0
 333 000e FFF7FEFF 		bl	MX_ADC3_Init
 334              	.LVL20:
 128:Src/main.c    ****   MX_DCMI_Init();
 335              		.loc 1 128 0
 336 0012 FFF7FEFF 		bl	MX_CRC_Init
 337              	.LVL21:
 129:Src/main.c    ****   MX_I2C1_Init();
 338              		.loc 1 129 0
 339 0016 FFF7FEFF 		bl	MX_DCMI_Init
 340              	.LVL22:
 130:Src/main.c    ****   MX_I2C3_Init();
 341              		.loc 1 130 0
 342 001a FFF7FEFF 		bl	MX_I2C1_Init
 343              	.LVL23:
 131:Src/main.c    ****   MX_QUADSPI_Init();
 344              		.loc 1 131 0
 345 001e FFF7FEFF 		bl	MX_I2C3_Init
 346              	.LVL24:
 132:Src/main.c    ****   MX_RTC_Init();
 347              		.loc 1 132 0
 348 0022 FFF7FEFF 		bl	MX_QUADSPI_Init
 349              	.LVL25:
 133:Src/main.c    ****   MX_SAI2_Init();
 350              		.loc 1 133 0
 351 0026 FFF7FEFF 		bl	MX_RTC_Init
 352              	.LVL26:
 134:Src/main.c    ****   MX_SDMMC1_SD_Init();
 353              		.loc 1 134 0
 354 002a FFF7FEFF 		bl	MX_SAI2_Init
 355              	.LVL27:
 135:Src/main.c    ****   MX_SPDIFRX_Init();
 356              		.loc 1 135 0
 357 002e FFF7FEFF 		bl	MX_SDMMC1_SD_Init
 358              	.LVL28:
 136:Src/main.c    ****   MX_SPI2_Init();
 359              		.loc 1 136 0
 360 0032 FFF7FEFF 		bl	MX_SPDIFRX_Init
 361              	.LVL29:
 137:Src/main.c    ****   MX_TIM1_Init();
 362              		.loc 1 137 0
 363 0036 FFF7FEFF 		bl	MX_SPI2_Init
 364              	.LVL30:
 138:Src/main.c    ****   MX_TIM2_Init();
 365              		.loc 1 138 0
 366 003a FFF7FEFF 		bl	MX_TIM1_Init
 367              	.LVL31:
 139:Src/main.c    ****   MX_TIM3_Init();
 368              		.loc 1 139 0
 369 003e FFF7FEFF 		bl	MX_TIM2_Init
 370              	.LVL32:
 140:Src/main.c    ****   MX_TIM5_Init();
 371              		.loc 1 140 0
 372 0042 FFF7FEFF 		bl	MX_TIM3_Init
 373              	.LVL33:
ARM GAS  /tmp/ccjF39TB.s 			page 14


 141:Src/main.c    ****   MX_TIM8_Init();
 374              		.loc 1 141 0
 375 0046 FFF7FEFF 		bl	MX_TIM5_Init
 376              	.LVL34:
 142:Src/main.c    ****   MX_TIM12_Init();
 377              		.loc 1 142 0
 378 004a FFF7FEFF 		bl	MX_TIM8_Init
 379              	.LVL35:
 143:Src/main.c    ****   MX_USART1_UART_Init();
 380              		.loc 1 143 0
 381 004e FFF7FEFF 		bl	MX_TIM12_Init
 382              	.LVL36:
 144:Src/main.c    ****   MX_USART6_UART_Init();
 383              		.loc 1 144 0
 384 0052 FFF7FEFF 		bl	MX_USART1_UART_Init
 385              	.LVL37:
 145:Src/main.c    ****   MX_USB_OTG_HS_HCD_Init();
 386              		.loc 1 145 0
 387 0056 FFF7FEFF 		bl	MX_USART6_UART_Init
 388              	.LVL38:
 146:Src/main.c    ****   MX_DMA2D_Init();
 389              		.loc 1 146 0
 390 005a FFF7FEFF 		bl	MX_USB_OTG_HS_HCD_Init
 391              	.LVL39:
 147:Src/main.c    ****   MX_FMC_Init();
 392              		.loc 1 147 0
 393 005e FFF7FEFF 		bl	MX_DMA2D_Init
 394              	.LVL40:
 148:Src/main.c    ****   MX_LTDC_Init();
 395              		.loc 1 148 0
 396 0062 FFF7FEFF 		bl	MX_FMC_Init
 397              	.LVL41:
 149:Src/main.c    ****   /* USER CODE BEGIN 2 */
 398              		.loc 1 149 0
 399 0066 FFF7FEFF 		bl	MX_LTDC_Init
 400              	.LVL42:
 155:Src/main.c    **** 
 401              		.loc 1 155 0
 402 006a FFF7FEFF 		bl	MX_FREERTOS_Init
 403              	.LVL43:
 158:Src/main.c    **** 
 404              		.loc 1 158 0
 405 006e FFF7FEFF 		bl	osKernelStart
 406              	.LVL44:
 407              	.L22:
 172:Src/main.c    **** 
 408              		.loc 1 172 0 discriminator 1
 409 0072 0722     		movs	r2, #7
 410 0074 0521     		movs	r1, #5
 411 0076 0320     		movs	r0, #3
 412 0078 FFF7FEFF 		bl	AverageThreeBytes
 413              	.LVL45:
 414 007c F9E7     		b	.L22
 415              		.cfi_endproc
 416              	.LFE159:
 418              		.section	.rodata.SystemClock_Config.str1.4,"aMS",%progbits,1
 419              		.align	2
ARM GAS  /tmp/ccjF39TB.s 			page 15


 420              	.LC0:
 421 0000 5372632F 		.ascii	"Src/main.c\000"
 421      6D61696E 
 421      2E6300
 422              		.text
 423              	.Letext0:
 424              		.file 2 "/home/warranyu/opt/gcc-arm-none-eabi-7-2018-q2-update/arm-none-eabi/include/machine/_defa
 425              		.file 3 "/home/warranyu/opt/gcc-arm-none-eabi-7-2018-q2-update/arm-none-eabi/include/sys/_stdint.h
 426              		.file 4 "Drivers/CMSIS/Include/core_cm7.h"
 427              		.file 5 "Drivers/CMSIS/Device/ST/STM32F7xx/Include/system_stm32f7xx.h"
 428              		.file 6 "Drivers/CMSIS/Device/ST/STM32F7xx/Include/stm32f746xx.h"
 429              		.file 7 "/home/warranyu/opt/gcc-arm-none-eabi-7-2018-q2-update/arm-none-eabi/include/sys/lock.h"
 430              		.file 8 "/home/warranyu/opt/gcc-arm-none-eabi-7-2018-q2-update/arm-none-eabi/include/sys/_types.h"
 431              		.file 9 "/home/warranyu/opt/gcc-arm-none-eabi-7-2018-q2-update/lib/gcc/arm-none-eabi/7.3.1/include
 432              		.file 10 "/home/warranyu/opt/gcc-arm-none-eabi-7-2018-q2-update/arm-none-eabi/include/sys/reent.h"
 433              		.file 11 "Drivers/STM32F7xx_HAL_Driver/Inc/stm32f7xx_hal_def.h"
 434              		.file 12 "Drivers/STM32F7xx_HAL_Driver/Inc/stm32f7xx_hal_rcc_ex.h"
 435              		.file 13 "Drivers/STM32F7xx_HAL_Driver/Inc/stm32f7xx_hal_rcc.h"
 436              		.file 14 "Drivers/STM32F7xx_HAL_Driver/Inc/stm32f7xx_hal_dma.h"
 437              		.file 15 "Drivers/STM32F7xx_HAL_Driver/Inc/stm32f7xx_hal_adc.h"
 438              		.file 16 "Drivers/STM32F7xx_HAL_Driver/Inc/stm32f7xx_hal_crc.h"
 439              		.file 17 "Drivers/STM32F7xx_HAL_Driver/Inc/stm32f7xx_hal_dma2d.h"
 440              		.file 18 "Drivers/STM32F7xx_HAL_Driver/Inc/stm32f7xx_hal_dcmi.h"
 441              		.file 19 "Drivers/STM32F7xx_HAL_Driver/Inc/stm32f7xx_hal_eth.h"
 442              		.file 20 "Drivers/STM32F7xx_HAL_Driver/Inc/stm32f7xx_ll_fmc.h"
 443              		.file 21 "Drivers/STM32F7xx_HAL_Driver/Inc/stm32f7xx_hal_sdram.h"
 444              		.file 22 "Drivers/STM32F7xx_HAL_Driver/Inc/stm32f7xx_hal_i2c.h"
 445              		.file 23 "Drivers/STM32F7xx_HAL_Driver/Inc/stm32f7xx_hal_ltdc.h"
 446              		.file 24 "Drivers/STM32F7xx_HAL_Driver/Inc/stm32f7xx_hal_qspi.h"
 447              		.file 25 "Drivers/STM32F7xx_HAL_Driver/Inc/stm32f7xx_hal_rtc.h"
 448              		.file 26 "Drivers/STM32F7xx_HAL_Driver/Inc/stm32f7xx_hal_sai.h"
 449              		.file 27 "Drivers/STM32F7xx_HAL_Driver/Inc/stm32f7xx_ll_sdmmc.h"
 450              		.file 28 "Drivers/STM32F7xx_HAL_Driver/Inc/stm32f7xx_hal_sd.h"
 451              		.file 29 "Drivers/STM32F7xx_HAL_Driver/Inc/stm32f7xx_hal_spdifrx.h"
 452              		.file 30 "Drivers/STM32F7xx_HAL_Driver/Inc/stm32f7xx_hal_spi.h"
 453              		.file 31 "Drivers/STM32F7xx_HAL_Driver/Inc/stm32f7xx_hal_tim.h"
 454              		.file 32 "Drivers/STM32F7xx_HAL_Driver/Inc/stm32f7xx_hal_uart.h"
 455              		.file 33 "Drivers/STM32F7xx_HAL_Driver/Inc/stm32f7xx_ll_usb.h"
 456              		.file 34 "Drivers/STM32F7xx_HAL_Driver/Inc/stm32f7xx_hal_hcd.h"
 457              		.file 35 "Middlewares/Third_Party/FreeRTOS/Source/include/queue.h"
 458              		.file 36 "Middlewares/Third_Party/FreeRTOS/Source/include/semphr.h"
 459              		.file 37 "Middlewares/Third_Party/FreeRTOS/Source/CMSIS_RTOS/cmsis_os.h"
 460              		.file 38 "Inc/adc.h"
 461              		.file 39 "Inc/crc.h"
 462              		.file 40 "Inc/dcmi.h"
 463              		.file 41 "Inc/dma2d.h"
 464              		.file 42 "Middlewares/Third_Party/FatFs/src/integer.h"
 465              		.file 43 "/home/warranyu/opt/gcc-arm-none-eabi-7-2018-q2-update/arm-none-eabi/include/stdlib.h"
 466              		.file 44 "Middlewares/Third_Party/FatFs/src/ff.h"
 467              		.file 45 "Middlewares/Third_Party/FatFs/src/diskio.h"
 468              		.file 46 "Middlewares/Third_Party/FatFs/src/ff_gen_drv.h"
 469              		.file 47 "Inc/sd_diskio.h"
 470              		.file 48 "Inc/fatfs.h"
 471              		.file 49 "Inc/i2c.h"
 472              		.file 50 "Inc/ltdc.h"
 473              		.file 51 "/home/warranyu/opt/gcc-arm-none-eabi-7-2018-q2-update/arm-none-eabi/include/time.h"
 474              		.file 52 "Middlewares/Third_Party/LwIP/src/include/lwip/arch.h"
ARM GAS  /tmp/ccjF39TB.s 			page 16


 475              		.file 53 "Middlewares/Third_Party/LwIP/src/include/lwip/priv/memp_priv.h"
 476              		.file 54 "Middlewares/Third_Party/LwIP/src/include/lwip/memp.h"
 477              		.file 55 "Middlewares/Third_Party/LwIP/src/include/lwip/err.h"
 478              		.file 56 "Middlewares/Third_Party/LwIP/src/include/lwip/pbuf.h"
 479              		.file 57 "Middlewares/Third_Party/LwIP/src/include/lwip/ip4_addr.h"
 480              		.file 58 "Middlewares/Third_Party/LwIP/src/include/lwip/ip_addr.h"
 481              		.file 59 "Middlewares/Third_Party/LwIP/src/include/lwip/netif.h"
 482              		.file 60 "Middlewares/Third_Party/LwIP/src/include/lwip/prot/ip4.h"
 483              		.file 61 "Middlewares/Third_Party/LwIP/src/include/lwip/prot/ethernet.h"
 484              		.file 62 "Middlewares/Third_Party/LwIP/src/include/netif/ethernet.h"
 485              		.file 63 "Middlewares/Third_Party/LwIP/src/include/lwip/ip.h"
 486              		.file 64 "Middlewares/Third_Party/LwIP/src/include/lwip/udp.h"
 487              		.file 65 "Middlewares/Third_Party/LwIP/system/arch/sys_arch.h"
 488              		.file 66 "Middlewares/Third_Party/LwIP/src/include/lwip/timeouts.h"
 489              		.file 67 "Middlewares/Third_Party/LwIP/src/include/lwip/tcpip.h"
 490              		.file 68 "Inc/lwip.h"
 491              		.file 69 "Inc/quadspi.h"
 492              		.file 70 "Inc/rtc.h"
 493              		.file 71 "Inc/sai.h"
 494              		.file 72 "Inc/sdmmc.h"
 495              		.file 73 "Inc/spdifrx.h"
 496              		.file 74 "Inc/spi.h"
 497              		.file 75 "Inc/tim.h"
 498              		.file 76 "Inc/usart.h"
 499              		.file 77 "Inc/usb_otg_hs.h"
 500              		.file 78 "Inc/fmc.h"
 501              		.file 79 "Drivers/STM32F7xx_HAL_Driver/Inc/stm32f7xx_hal.h"
 502              		.file 80 "Drivers/STM32F7xx_HAL_Driver/Inc/stm32f7xx_hal_pwr_ex.h"
 503              		.file 81 "Drivers/STM32F7xx_HAL_Driver/Inc/stm32f7xx_hal_cortex.h"
 504              		.file 82 "Inc/gpio.h"
 505              		.file 83 "Src/functionsundertest.h"
ARM GAS  /tmp/ccjF39TB.s 			page 17


DEFINED SYMBOLS
                            *ABS*:0000000000000000 main.c
     /tmp/ccjF39TB.s:18     .text.HAL_TIM_PeriodElapsedCallback:0000000000000000 $t
     /tmp/ccjF39TB.s:25     .text.HAL_TIM_PeriodElapsedCallback:0000000000000000 HAL_TIM_PeriodElapsedCallback
     /tmp/ccjF39TB.s:57     .text.HAL_TIM_PeriodElapsedCallback:0000000000000014 $d
     /tmp/ccjF39TB.s:62     .text._Error_Handler:0000000000000000 $t
     /tmp/ccjF39TB.s:69     .text._Error_Handler:0000000000000000 _Error_Handler
     /tmp/ccjF39TB.s:84     .text.SystemClock_Config:0000000000000000 $t
     /tmp/ccjF39TB.s:91     .text.SystemClock_Config:0000000000000000 SystemClock_Config
     /tmp/ccjF39TB.s:295    .text.SystemClock_Config:0000000000000120 $d
     /tmp/ccjF39TB.s:304    .text.main:0000000000000000 $t
     /tmp/ccjF39TB.s:311    .text.main:0000000000000000 main
     /tmp/ccjF39TB.s:419    .rodata.SystemClock_Config.str1.4:0000000000000000 $d

UNDEFINED SYMBOLS
HAL_IncTick
HAL_RCC_OscConfig
HAL_PWREx_EnableOverDrive
HAL_RCC_ClockConfig
HAL_RCCEx_PeriphCLKConfig
HAL_RCC_GetHCLKFreq
HAL_SYSTICK_Config
HAL_SYSTICK_CLKSourceConfig
HAL_NVIC_SetPriority
HAL_Init
MX_GPIO_Init
MX_ADC3_Init
MX_CRC_Init
MX_DCMI_Init
MX_I2C1_Init
MX_I2C3_Init
MX_QUADSPI_Init
MX_RTC_Init
MX_SAI2_Init
MX_SDMMC1_SD_Init
MX_SPDIFRX_Init
MX_SPI2_Init
MX_TIM1_Init
MX_TIM2_Init
MX_TIM3_Init
MX_TIM5_Init
MX_TIM8_Init
MX_TIM12_Init
MX_USART1_UART_Init
MX_USART6_UART_Init
MX_USB_OTG_HS_HCD_Init
MX_DMA2D_Init
MX_FMC_Init
MX_LTDC_Init
MX_FREERTOS_Init
osKernelStart
AverageThreeBytes
