ARM GAS  /tmp/ccFgRJKz.s 			page 1


   1              		.cpu cortex-m7
   2              		.eabi_attribute 27, 1
   3              		.eabi_attribute 28, 1
   4              		.eabi_attribute 20, 1
   5              		.eabi_attribute 21, 1
   6              		.eabi_attribute 23, 3
   7              		.eabi_attribute 24, 1
   8              		.eabi_attribute 25, 1
   9              		.eabi_attribute 26, 1
  10              		.eabi_attribute 30, 1
  11              		.eabi_attribute 34, 1
  12              		.eabi_attribute 18, 4
  13              		.file	"sdmmc.c"
  14              		.text
  15              	.Ltext0:
  16              		.cfi_sections	.debug_frame
  17              		.section	.text.MX_SDMMC1_SD_Init,"ax",%progbits
  18              		.align	1
  19              		.global	MX_SDMMC1_SD_Init
  20              		.syntax unified
  21              		.thumb
  22              		.thumb_func
  23              		.fpu fpv5-sp-d16
  25              	MX_SDMMC1_SD_Init:
  26              	.LFB138:
  27              		.file 1 "Src/sdmmc.c"
   1:Src/sdmmc.c   **** /**
   2:Src/sdmmc.c   ****   ******************************************************************************
   3:Src/sdmmc.c   ****   * File Name          : SDMMC.c
   4:Src/sdmmc.c   ****   * Description        : This file provides code for the configuration
   5:Src/sdmmc.c   ****   *                      of the SDMMC instances.
   6:Src/sdmmc.c   ****   ******************************************************************************
   7:Src/sdmmc.c   ****   * This notice applies to any and all portions of this file
   8:Src/sdmmc.c   ****   * that are not between comment pairs USER CODE BEGIN and
   9:Src/sdmmc.c   ****   * USER CODE END. Other portions of this file, whether 
  10:Src/sdmmc.c   ****   * inserted by the user or by software development tools
  11:Src/sdmmc.c   ****   * are owned by their respective copyright owners.
  12:Src/sdmmc.c   ****   *
  13:Src/sdmmc.c   ****   * Copyright (c) 2018 STMicroelectronics International N.V. 
  14:Src/sdmmc.c   ****   * All rights reserved.
  15:Src/sdmmc.c   ****   *
  16:Src/sdmmc.c   ****   * Redistribution and use in source and binary forms, with or without 
  17:Src/sdmmc.c   ****   * modification, are permitted, provided that the following conditions are met:
  18:Src/sdmmc.c   ****   *
  19:Src/sdmmc.c   ****   * 1. Redistribution of source code must retain the above copyright notice, 
  20:Src/sdmmc.c   ****   *    this list of conditions and the following disclaimer.
  21:Src/sdmmc.c   ****   * 2. Redistributions in binary form must reproduce the above copyright notice,
  22:Src/sdmmc.c   ****   *    this list of conditions and the following disclaimer in the documentation
  23:Src/sdmmc.c   ****   *    and/or other materials provided with the distribution.
  24:Src/sdmmc.c   ****   * 3. Neither the name of STMicroelectronics nor the names of other 
  25:Src/sdmmc.c   ****   *    contributors to this software may be used to endorse or promote products 
  26:Src/sdmmc.c   ****   *    derived from this software without specific written permission.
  27:Src/sdmmc.c   ****   * 4. This software, including modifications and/or derivative works of this 
  28:Src/sdmmc.c   ****   *    software, must execute solely and exclusively on microcontroller or
  29:Src/sdmmc.c   ****   *    microprocessor devices manufactured by or for STMicroelectronics.
  30:Src/sdmmc.c   ****   * 5. Redistribution and use of this software other than as permitted under 
  31:Src/sdmmc.c   ****   *    this license is void and will automatically terminate your rights under 
ARM GAS  /tmp/ccFgRJKz.s 			page 2


  32:Src/sdmmc.c   ****   *    this license. 
  33:Src/sdmmc.c   ****   *
  34:Src/sdmmc.c   ****   * THIS SOFTWARE IS PROVIDED BY STMICROELECTRONICS AND CONTRIBUTORS "AS IS" 
  35:Src/sdmmc.c   ****   * AND ANY EXPRESS, IMPLIED OR STATUTORY WARRANTIES, INCLUDING, BUT NOT 
  36:Src/sdmmc.c   ****   * LIMITED TO, THE IMPLIED WARRANTIES OF MERCHANTABILITY, FITNESS FOR A 
  37:Src/sdmmc.c   ****   * PARTICULAR PURPOSE AND NON-INFRINGEMENT OF THIRD PARTY INTELLECTUAL PROPERTY
  38:Src/sdmmc.c   ****   * RIGHTS ARE DISCLAIMED TO THE FULLEST EXTENT PERMITTED BY LAW. IN NO EVENT 
  39:Src/sdmmc.c   ****   * SHALL STMICROELECTRONICS OR CONTRIBUTORS BE LIABLE FOR ANY DIRECT, INDIRECT,
  40:Src/sdmmc.c   ****   * INCIDENTAL, SPECIAL, EXEMPLARY, OR CONSEQUENTIAL DAMAGES (INCLUDING, BUT NOT
  41:Src/sdmmc.c   ****   * LIMITED TO, PROCUREMENT OF SUBSTITUTE GOODS OR SERVICES; LOSS OF USE, DATA, 
  42:Src/sdmmc.c   ****   * OR PROFITS; OR BUSINESS INTERRUPTION) HOWEVER CAUSED AND ON ANY THEORY OF 
  43:Src/sdmmc.c   ****   * LIABILITY, WHETHER IN CONTRACT, STRICT LIABILITY, OR TORT (INCLUDING 
  44:Src/sdmmc.c   ****   * NEGLIGENCE OR OTHERWISE) ARISING IN ANY WAY OUT OF THE USE OF THIS SOFTWARE,
  45:Src/sdmmc.c   ****   * EVEN IF ADVISED OF THE POSSIBILITY OF SUCH DAMAGE.
  46:Src/sdmmc.c   ****   *
  47:Src/sdmmc.c   ****   ******************************************************************************
  48:Src/sdmmc.c   ****   */
  49:Src/sdmmc.c   **** 
  50:Src/sdmmc.c   **** /* Includes ------------------------------------------------------------------*/
  51:Src/sdmmc.c   **** #include "sdmmc.h"
  52:Src/sdmmc.c   **** 
  53:Src/sdmmc.c   **** #include "gpio.h"
  54:Src/sdmmc.c   **** 
  55:Src/sdmmc.c   **** /* USER CODE BEGIN 0 */
  56:Src/sdmmc.c   **** 
  57:Src/sdmmc.c   **** /* USER CODE END 0 */
  58:Src/sdmmc.c   **** 
  59:Src/sdmmc.c   **** SD_HandleTypeDef hsd1;
  60:Src/sdmmc.c   **** 
  61:Src/sdmmc.c   **** /* SDMMC1 init function */
  62:Src/sdmmc.c   **** 
  63:Src/sdmmc.c   **** void MX_SDMMC1_SD_Init(void)
  64:Src/sdmmc.c   **** {
  28              		.loc 1 64 0
  29              		.cfi_startproc
  30              		@ args = 0, pretend = 0, frame = 0
  31              		@ frame_needed = 0, uses_anonymous_args = 0
  32              		@ link register save eliminated.
  65:Src/sdmmc.c   **** 
  66:Src/sdmmc.c   ****   hsd1.Instance = SDMMC1;
  33              		.loc 1 66 0
  34 0000 054B     		ldr	r3, .L2
  35 0002 064A     		ldr	r2, .L2+4
  36 0004 1A60     		str	r2, [r3]
  67:Src/sdmmc.c   ****   hsd1.Init.ClockEdge = SDMMC_CLOCK_EDGE_RISING;
  37              		.loc 1 67 0
  38 0006 0022     		movs	r2, #0
  39 0008 5A60     		str	r2, [r3, #4]
  68:Src/sdmmc.c   ****   hsd1.Init.ClockBypass = SDMMC_CLOCK_BYPASS_DISABLE;
  40              		.loc 1 68 0
  41 000a 9A60     		str	r2, [r3, #8]
  69:Src/sdmmc.c   ****   hsd1.Init.ClockPowerSave = SDMMC_CLOCK_POWER_SAVE_DISABLE;
  42              		.loc 1 69 0
  43 000c DA60     		str	r2, [r3, #12]
  70:Src/sdmmc.c   ****   hsd1.Init.BusWide = SDMMC_BUS_WIDE_1B;
  44              		.loc 1 70 0
  45 000e 1A61     		str	r2, [r3, #16]
ARM GAS  /tmp/ccFgRJKz.s 			page 3


  71:Src/sdmmc.c   ****   hsd1.Init.HardwareFlowControl = SDMMC_HARDWARE_FLOW_CONTROL_DISABLE;
  46              		.loc 1 71 0
  47 0010 5A61     		str	r2, [r3, #20]
  72:Src/sdmmc.c   ****   hsd1.Init.ClockDiv = 0;
  48              		.loc 1 72 0
  49 0012 9A61     		str	r2, [r3, #24]
  73:Src/sdmmc.c   **** 
  74:Src/sdmmc.c   **** }
  50              		.loc 1 74 0
  51 0014 7047     		bx	lr
  52              	.L3:
  53 0016 00BF     		.align	2
  54              	.L2:
  55 0018 00000000 		.word	hsd1
  56 001c 002C0140 		.word	1073818624
  57              		.cfi_endproc
  58              	.LFE138:
  60              		.section	.text.HAL_SD_MspInit,"ax",%progbits
  61              		.align	1
  62              		.global	HAL_SD_MspInit
  63              		.syntax unified
  64              		.thumb
  65              		.thumb_func
  66              		.fpu fpv5-sp-d16
  68              	HAL_SD_MspInit:
  69              	.LFB139:
  75:Src/sdmmc.c   **** 
  76:Src/sdmmc.c   **** void HAL_SD_MspInit(SD_HandleTypeDef* sdHandle)
  77:Src/sdmmc.c   **** {
  70              		.loc 1 77 0
  71              		.cfi_startproc
  72              		@ args = 0, pretend = 0, frame = 24
  73              		@ frame_needed = 0, uses_anonymous_args = 0
  74              	.LVL0:
  78:Src/sdmmc.c   **** 
  79:Src/sdmmc.c   ****   GPIO_InitTypeDef GPIO_InitStruct;
  80:Src/sdmmc.c   ****   if(sdHandle->Instance==SDMMC1)
  75              		.loc 1 80 0
  76 0000 0268     		ldr	r2, [r0]
  77 0002 164B     		ldr	r3, .L11
  78 0004 9A42     		cmp	r2, r3
  79 0006 00D0     		beq	.L10
  80 0008 7047     		bx	lr
  81              	.L10:
  77:Src/sdmmc.c   **** 
  82              		.loc 1 77 0
  83 000a F0B5     		push	{r4, r5, r6, r7, lr}
  84              	.LCFI0:
  85              		.cfi_def_cfa_offset 20
  86              		.cfi_offset 4, -20
  87              		.cfi_offset 5, -16
  88              		.cfi_offset 6, -12
  89              		.cfi_offset 7, -8
  90              		.cfi_offset 14, -4
  91 000c 87B0     		sub	sp, sp, #28
  92              	.LCFI1:
  93              		.cfi_def_cfa_offset 48
ARM GAS  /tmp/ccFgRJKz.s 			page 4


  94              	.LBB2:
  81:Src/sdmmc.c   ****   {
  82:Src/sdmmc.c   ****   /* USER CODE BEGIN SDMMC1_MspInit 0 */
  83:Src/sdmmc.c   **** 
  84:Src/sdmmc.c   ****   /* USER CODE END SDMMC1_MspInit 0 */
  85:Src/sdmmc.c   ****     /* SDMMC1 clock enable */
  86:Src/sdmmc.c   ****     __HAL_RCC_SDMMC1_CLK_ENABLE();
  95              		.loc 1 86 0
  96 000e 03F58633 		add	r3, r3, #68608
  97 0012 5A6C     		ldr	r2, [r3, #68]
  98 0014 42F40062 		orr	r2, r2, #2048
  99 0018 5A64     		str	r2, [r3, #68]
 100 001a 5B6C     		ldr	r3, [r3, #68]
 101 001c 03F40063 		and	r3, r3, #2048
 102 0020 0093     		str	r3, [sp]
 103 0022 009B     		ldr	r3, [sp]
 104              	.LBE2:
  87:Src/sdmmc.c   ****   
  88:Src/sdmmc.c   ****     /**SDMMC1 GPIO Configuration    
  89:Src/sdmmc.c   ****     PC12     ------> SDMMC1_CK
  90:Src/sdmmc.c   ****     PC11     ------> SDMMC1_D3
  91:Src/sdmmc.c   ****     PC10     ------> SDMMC1_D2
  92:Src/sdmmc.c   ****     PD2     ------> SDMMC1_CMD
  93:Src/sdmmc.c   ****     PC9     ------> SDMMC1_D1
  94:Src/sdmmc.c   ****     PC8     ------> SDMMC1_D0 
  95:Src/sdmmc.c   ****     */
  96:Src/sdmmc.c   ****     GPIO_InitStruct.Pin = SDMMC_CK_Pin|SDMMC_D3_Pin|SDMMC_D2_Pin|GPIO_PIN_9 
 105              		.loc 1 96 0
 106 0024 4FF4F853 		mov	r3, #7936
 107 0028 0193     		str	r3, [sp, #4]
  97:Src/sdmmc.c   ****                           |GPIO_PIN_8;
  98:Src/sdmmc.c   ****     GPIO_InitStruct.Mode = GPIO_MODE_AF_PP;
 108              		.loc 1 98 0
 109 002a 0227     		movs	r7, #2
 110 002c 0297     		str	r7, [sp, #8]
  99:Src/sdmmc.c   ****     GPIO_InitStruct.Pull = GPIO_NOPULL;
 111              		.loc 1 99 0
 112 002e 0026     		movs	r6, #0
 113 0030 0396     		str	r6, [sp, #12]
 100:Src/sdmmc.c   ****     GPIO_InitStruct.Speed = GPIO_SPEED_FREQ_VERY_HIGH;
 114              		.loc 1 100 0
 115 0032 0325     		movs	r5, #3
 116 0034 0495     		str	r5, [sp, #16]
 101:Src/sdmmc.c   ****     GPIO_InitStruct.Alternate = GPIO_AF12_SDMMC1;
 117              		.loc 1 101 0
 118 0036 0C24     		movs	r4, #12
 119 0038 0594     		str	r4, [sp, #20]
 102:Src/sdmmc.c   ****     HAL_GPIO_Init(GPIOC, &GPIO_InitStruct);
 120              		.loc 1 102 0
 121 003a 01A9     		add	r1, sp, #4
 122 003c 0848     		ldr	r0, .L11+4
 123              	.LVL1:
 124 003e FFF7FEFF 		bl	HAL_GPIO_Init
 125              	.LVL2:
 103:Src/sdmmc.c   **** 
 104:Src/sdmmc.c   ****     GPIO_InitStruct.Pin = SDMMC_CMD_Pin;
 126              		.loc 1 104 0
ARM GAS  /tmp/ccFgRJKz.s 			page 5


 127 0042 0423     		movs	r3, #4
 128 0044 0193     		str	r3, [sp, #4]
 105:Src/sdmmc.c   ****     GPIO_InitStruct.Mode = GPIO_MODE_AF_PP;
 129              		.loc 1 105 0
 130 0046 0297     		str	r7, [sp, #8]
 106:Src/sdmmc.c   ****     GPIO_InitStruct.Pull = GPIO_NOPULL;
 131              		.loc 1 106 0
 132 0048 0396     		str	r6, [sp, #12]
 107:Src/sdmmc.c   ****     GPIO_InitStruct.Speed = GPIO_SPEED_FREQ_VERY_HIGH;
 133              		.loc 1 107 0
 134 004a 0495     		str	r5, [sp, #16]
 108:Src/sdmmc.c   ****     GPIO_InitStruct.Alternate = GPIO_AF12_SDMMC1;
 135              		.loc 1 108 0
 136 004c 0594     		str	r4, [sp, #20]
 109:Src/sdmmc.c   ****     HAL_GPIO_Init(SDMMC_CMD_GPIO_Port, &GPIO_InitStruct);
 137              		.loc 1 109 0
 138 004e 0DEB0301 		add	r1, sp, r3
 139 0052 0448     		ldr	r0, .L11+8
 140 0054 FFF7FEFF 		bl	HAL_GPIO_Init
 141              	.LVL3:
 110:Src/sdmmc.c   **** 
 111:Src/sdmmc.c   ****   /* USER CODE BEGIN SDMMC1_MspInit 1 */
 112:Src/sdmmc.c   **** 
 113:Src/sdmmc.c   ****   /* USER CODE END SDMMC1_MspInit 1 */
 114:Src/sdmmc.c   ****   }
 115:Src/sdmmc.c   **** }
 142              		.loc 1 115 0
 143 0058 07B0     		add	sp, sp, #28
 144              	.LCFI2:
 145              		.cfi_def_cfa_offset 20
 146              		@ sp needed
 147 005a F0BD     		pop	{r4, r5, r6, r7, pc}
 148              	.L12:
 149              		.align	2
 150              	.L11:
 151 005c 002C0140 		.word	1073818624
 152 0060 00080240 		.word	1073874944
 153 0064 000C0240 		.word	1073875968
 154              		.cfi_endproc
 155              	.LFE139:
 157              		.section	.text.HAL_SD_MspDeInit,"ax",%progbits
 158              		.align	1
 159              		.global	HAL_SD_MspDeInit
 160              		.syntax unified
 161              		.thumb
 162              		.thumb_func
 163              		.fpu fpv5-sp-d16
 165              	HAL_SD_MspDeInit:
 166              	.LFB140:
 116:Src/sdmmc.c   **** 
 117:Src/sdmmc.c   **** void HAL_SD_MspDeInit(SD_HandleTypeDef* sdHandle)
 118:Src/sdmmc.c   **** {
 167              		.loc 1 118 0
 168              		.cfi_startproc
 169              		@ args = 0, pretend = 0, frame = 0
 170              		@ frame_needed = 0, uses_anonymous_args = 0
 171              	.LVL4:
ARM GAS  /tmp/ccFgRJKz.s 			page 6


 172 0000 08B5     		push	{r3, lr}
 173              	.LCFI3:
 174              		.cfi_def_cfa_offset 8
 175              		.cfi_offset 3, -8
 176              		.cfi_offset 14, -4
 119:Src/sdmmc.c   **** 
 120:Src/sdmmc.c   ****   if(sdHandle->Instance==SDMMC1)
 177              		.loc 1 120 0
 178 0002 0268     		ldr	r2, [r0]
 179 0004 094B     		ldr	r3, .L17
 180 0006 9A42     		cmp	r2, r3
 181 0008 00D0     		beq	.L16
 182              	.LVL5:
 183              	.L13:
 121:Src/sdmmc.c   ****   {
 122:Src/sdmmc.c   ****   /* USER CODE BEGIN SDMMC1_MspDeInit 0 */
 123:Src/sdmmc.c   **** 
 124:Src/sdmmc.c   ****   /* USER CODE END SDMMC1_MspDeInit 0 */
 125:Src/sdmmc.c   ****     /* Peripheral clock disable */
 126:Src/sdmmc.c   ****     __HAL_RCC_SDMMC1_CLK_DISABLE();
 127:Src/sdmmc.c   ****   
 128:Src/sdmmc.c   ****     /**SDMMC1 GPIO Configuration    
 129:Src/sdmmc.c   ****     PC12     ------> SDMMC1_CK
 130:Src/sdmmc.c   ****     PC11     ------> SDMMC1_D3
 131:Src/sdmmc.c   ****     PC10     ------> SDMMC1_D2
 132:Src/sdmmc.c   ****     PD2     ------> SDMMC1_CMD
 133:Src/sdmmc.c   ****     PC9     ------> SDMMC1_D1
 134:Src/sdmmc.c   ****     PC8     ------> SDMMC1_D0 
 135:Src/sdmmc.c   ****     */
 136:Src/sdmmc.c   ****     HAL_GPIO_DeInit(GPIOC, SDMMC_CK_Pin|SDMMC_D3_Pin|SDMMC_D2_Pin|GPIO_PIN_9 
 137:Src/sdmmc.c   ****                           |GPIO_PIN_8);
 138:Src/sdmmc.c   **** 
 139:Src/sdmmc.c   ****     HAL_GPIO_DeInit(SDMMC_CMD_GPIO_Port, SDMMC_CMD_Pin);
 140:Src/sdmmc.c   **** 
 141:Src/sdmmc.c   ****   /* USER CODE BEGIN SDMMC1_MspDeInit 1 */
 142:Src/sdmmc.c   **** 
 143:Src/sdmmc.c   ****   /* USER CODE END SDMMC1_MspDeInit 1 */
 144:Src/sdmmc.c   ****   }
 145:Src/sdmmc.c   **** } 
 184              		.loc 1 145 0
 185 000a 08BD     		pop	{r3, pc}
 186              	.LVL6:
 187              	.L16:
 126:Src/sdmmc.c   ****   
 188              		.loc 1 126 0
 189 000c 084A     		ldr	r2, .L17+4
 190 000e 536C     		ldr	r3, [r2, #68]
 191 0010 23F40063 		bic	r3, r3, #2048
 192 0014 5364     		str	r3, [r2, #68]
 136:Src/sdmmc.c   ****                           |GPIO_PIN_8);
 193              		.loc 1 136 0
 194 0016 4FF4F851 		mov	r1, #7936
 195 001a 0648     		ldr	r0, .L17+8
 196              	.LVL7:
 197 001c FFF7FEFF 		bl	HAL_GPIO_DeInit
 198              	.LVL8:
 139:Src/sdmmc.c   **** 
ARM GAS  /tmp/ccFgRJKz.s 			page 7


 199              		.loc 1 139 0
 200 0020 0421     		movs	r1, #4
 201 0022 0548     		ldr	r0, .L17+12
 202 0024 FFF7FEFF 		bl	HAL_GPIO_DeInit
 203              	.LVL9:
 204              		.loc 1 145 0
 205 0028 EFE7     		b	.L13
 206              	.L18:
 207 002a 00BF     		.align	2
 208              	.L17:
 209 002c 002C0140 		.word	1073818624
 210 0030 00380240 		.word	1073887232
 211 0034 00080240 		.word	1073874944
 212 0038 000C0240 		.word	1073875968
 213              		.cfi_endproc
 214              	.LFE140:
 216              		.comm	hsd1,132,4
 217              		.text
 218              	.Letext0:
 219              		.file 2 "/home/warranyu/opt/gcc-arm-none-eabi-7-2018-q2-update/arm-none-eabi/include/machine/_defa
 220              		.file 3 "/home/warranyu/opt/gcc-arm-none-eabi-7-2018-q2-update/arm-none-eabi/include/sys/_stdint.h
 221              		.file 4 "Drivers/CMSIS/Include/core_cm7.h"
 222              		.file 5 "Drivers/CMSIS/Device/ST/STM32F7xx/Include/system_stm32f7xx.h"
 223              		.file 6 "Drivers/CMSIS/Device/ST/STM32F7xx/Include/stm32f746xx.h"
 224              		.file 7 "/home/warranyu/opt/gcc-arm-none-eabi-7-2018-q2-update/arm-none-eabi/include/sys/lock.h"
 225              		.file 8 "/home/warranyu/opt/gcc-arm-none-eabi-7-2018-q2-update/arm-none-eabi/include/sys/_types.h"
 226              		.file 9 "/home/warranyu/opt/gcc-arm-none-eabi-7-2018-q2-update/lib/gcc/arm-none-eabi/7.3.1/include
 227              		.file 10 "/home/warranyu/opt/gcc-arm-none-eabi-7-2018-q2-update/arm-none-eabi/include/sys/reent.h"
 228              		.file 11 "Drivers/STM32F7xx_HAL_Driver/Inc/stm32f7xx_hal_def.h"
 229              		.file 12 "Drivers/STM32F7xx_HAL_Driver/Inc/stm32f7xx_hal_gpio.h"
 230              		.file 13 "Drivers/STM32F7xx_HAL_Driver/Inc/stm32f7xx_hal_dma.h"
 231              		.file 14 "Drivers/STM32F7xx_HAL_Driver/Inc/stm32f7xx_ll_sdmmc.h"
 232              		.file 15 "Drivers/STM32F7xx_HAL_Driver/Inc/stm32f7xx_hal_sd.h"
 233              		.file 16 "Inc/sdmmc.h"
ARM GAS  /tmp/ccFgRJKz.s 			page 8


DEFINED SYMBOLS
                            *ABS*:0000000000000000 sdmmc.c
     /tmp/ccFgRJKz.s:18     .text.MX_SDMMC1_SD_Init:0000000000000000 $t
     /tmp/ccFgRJKz.s:25     .text.MX_SDMMC1_SD_Init:0000000000000000 MX_SDMMC1_SD_Init
     /tmp/ccFgRJKz.s:55     .text.MX_SDMMC1_SD_Init:0000000000000018 $d
                            *COM*:0000000000000084 hsd1
     /tmp/ccFgRJKz.s:61     .text.HAL_SD_MspInit:0000000000000000 $t
     /tmp/ccFgRJKz.s:68     .text.HAL_SD_MspInit:0000000000000000 HAL_SD_MspInit
     /tmp/ccFgRJKz.s:151    .text.HAL_SD_MspInit:000000000000005c $d
     /tmp/ccFgRJKz.s:158    .text.HAL_SD_MspDeInit:0000000000000000 $t
     /tmp/ccFgRJKz.s:165    .text.HAL_SD_MspDeInit:0000000000000000 HAL_SD_MspDeInit
     /tmp/ccFgRJKz.s:209    .text.HAL_SD_MspDeInit:000000000000002c $d

UNDEFINED SYMBOLS
HAL_GPIO_Init
HAL_GPIO_DeInit
