ARM GAS  /tmp/ccae6rxn.s 			page 1


   1              		.cpu cortex-m7
   2              		.eabi_attribute 27, 1
   3              		.eabi_attribute 28, 1
   4              		.eabi_attribute 20, 1
   5              		.eabi_attribute 21, 1
   6              		.eabi_attribute 23, 3
   7              		.eabi_attribute 24, 1
   8              		.eabi_attribute 25, 1
   9              		.eabi_attribute 26, 1
  10              		.eabi_attribute 30, 1
  11              		.eabi_attribute 34, 1
  12              		.eabi_attribute 18, 4
  13              		.file	"spi.c"
  14              		.text
  15              	.Ltext0:
  16              		.cfi_sections	.debug_frame
  17              		.section	.text.MX_SPI2_Init,"ax",%progbits
  18              		.align	1
  19              		.global	MX_SPI2_Init
  20              		.syntax unified
  21              		.thumb
  22              		.thumb_func
  23              		.fpu fpv5-sp-d16
  25              	MX_SPI2_Init:
  26              	.LFB138:
  27              		.file 1 "Src/spi.c"
   1:Src/spi.c     **** /**
   2:Src/spi.c     ****   ******************************************************************************
   3:Src/spi.c     ****   * File Name          : SPI.c
   4:Src/spi.c     ****   * Description        : This file provides code for the configuration
   5:Src/spi.c     ****   *                      of the SPI instances.
   6:Src/spi.c     ****   ******************************************************************************
   7:Src/spi.c     ****   * This notice applies to any and all portions of this file
   8:Src/spi.c     ****   * that are not between comment pairs USER CODE BEGIN and
   9:Src/spi.c     ****   * USER CODE END. Other portions of this file, whether 
  10:Src/spi.c     ****   * inserted by the user or by software development tools
  11:Src/spi.c     ****   * are owned by their respective copyright owners.
  12:Src/spi.c     ****   *
  13:Src/spi.c     ****   * Copyright (c) 2018 STMicroelectronics International N.V. 
  14:Src/spi.c     ****   * All rights reserved.
  15:Src/spi.c     ****   *
  16:Src/spi.c     ****   * Redistribution and use in source and binary forms, with or without 
  17:Src/spi.c     ****   * modification, are permitted, provided that the following conditions are met:
  18:Src/spi.c     ****   *
  19:Src/spi.c     ****   * 1. Redistribution of source code must retain the above copyright notice, 
  20:Src/spi.c     ****   *    this list of conditions and the following disclaimer.
  21:Src/spi.c     ****   * 2. Redistributions in binary form must reproduce the above copyright notice,
  22:Src/spi.c     ****   *    this list of conditions and the following disclaimer in the documentation
  23:Src/spi.c     ****   *    and/or other materials provided with the distribution.
  24:Src/spi.c     ****   * 3. Neither the name of STMicroelectronics nor the names of other 
  25:Src/spi.c     ****   *    contributors to this software may be used to endorse or promote products 
  26:Src/spi.c     ****   *    derived from this software without specific written permission.
  27:Src/spi.c     ****   * 4. This software, including modifications and/or derivative works of this 
  28:Src/spi.c     ****   *    software, must execute solely and exclusively on microcontroller or
  29:Src/spi.c     ****   *    microprocessor devices manufactured by or for STMicroelectronics.
  30:Src/spi.c     ****   * 5. Redistribution and use of this software other than as permitted under 
  31:Src/spi.c     ****   *    this license is void and will automatically terminate your rights under 
ARM GAS  /tmp/ccae6rxn.s 			page 2


  32:Src/spi.c     ****   *    this license. 
  33:Src/spi.c     ****   *
  34:Src/spi.c     ****   * THIS SOFTWARE IS PROVIDED BY STMICROELECTRONICS AND CONTRIBUTORS "AS IS" 
  35:Src/spi.c     ****   * AND ANY EXPRESS, IMPLIED OR STATUTORY WARRANTIES, INCLUDING, BUT NOT 
  36:Src/spi.c     ****   * LIMITED TO, THE IMPLIED WARRANTIES OF MERCHANTABILITY, FITNESS FOR A 
  37:Src/spi.c     ****   * PARTICULAR PURPOSE AND NON-INFRINGEMENT OF THIRD PARTY INTELLECTUAL PROPERTY
  38:Src/spi.c     ****   * RIGHTS ARE DISCLAIMED TO THE FULLEST EXTENT PERMITTED BY LAW. IN NO EVENT 
  39:Src/spi.c     ****   * SHALL STMICROELECTRONICS OR CONTRIBUTORS BE LIABLE FOR ANY DIRECT, INDIRECT,
  40:Src/spi.c     ****   * INCIDENTAL, SPECIAL, EXEMPLARY, OR CONSEQUENTIAL DAMAGES (INCLUDING, BUT NOT
  41:Src/spi.c     ****   * LIMITED TO, PROCUREMENT OF SUBSTITUTE GOODS OR SERVICES; LOSS OF USE, DATA, 
  42:Src/spi.c     ****   * OR PROFITS; OR BUSINESS INTERRUPTION) HOWEVER CAUSED AND ON ANY THEORY OF 
  43:Src/spi.c     ****   * LIABILITY, WHETHER IN CONTRACT, STRICT LIABILITY, OR TORT (INCLUDING 
  44:Src/spi.c     ****   * NEGLIGENCE OR OTHERWISE) ARISING IN ANY WAY OUT OF THE USE OF THIS SOFTWARE,
  45:Src/spi.c     ****   * EVEN IF ADVISED OF THE POSSIBILITY OF SUCH DAMAGE.
  46:Src/spi.c     ****   *
  47:Src/spi.c     ****   ******************************************************************************
  48:Src/spi.c     ****   */
  49:Src/spi.c     **** 
  50:Src/spi.c     **** /* Includes ------------------------------------------------------------------*/
  51:Src/spi.c     **** #include "spi.h"
  52:Src/spi.c     **** 
  53:Src/spi.c     **** #include "gpio.h"
  54:Src/spi.c     **** 
  55:Src/spi.c     **** /* USER CODE BEGIN 0 */
  56:Src/spi.c     **** 
  57:Src/spi.c     **** /* USER CODE END 0 */
  58:Src/spi.c     **** 
  59:Src/spi.c     **** SPI_HandleTypeDef hspi2;
  60:Src/spi.c     **** 
  61:Src/spi.c     **** /* SPI2 init function */
  62:Src/spi.c     **** void MX_SPI2_Init(void)
  63:Src/spi.c     **** {
  28              		.loc 1 63 0
  29              		.cfi_startproc
  30              		@ args = 0, pretend = 0, frame = 0
  31              		@ frame_needed = 0, uses_anonymous_args = 0
  32 0000 08B5     		push	{r3, lr}
  33              	.LCFI0:
  34              		.cfi_def_cfa_offset 8
  35              		.cfi_offset 3, -8
  36              		.cfi_offset 14, -4
  64:Src/spi.c     **** 
  65:Src/spi.c     ****   hspi2.Instance = SPI2;
  37              		.loc 1 65 0
  38 0002 1148     		ldr	r0, .L5
  39 0004 114B     		ldr	r3, .L5+4
  40 0006 0360     		str	r3, [r0]
  66:Src/spi.c     ****   hspi2.Init.Mode = SPI_MODE_MASTER;
  41              		.loc 1 66 0
  42 0008 4FF48273 		mov	r3, #260
  43 000c 4360     		str	r3, [r0, #4]
  67:Src/spi.c     ****   hspi2.Init.Direction = SPI_DIRECTION_2LINES;
  44              		.loc 1 67 0
  45 000e 0023     		movs	r3, #0
  46 0010 8360     		str	r3, [r0, #8]
  68:Src/spi.c     ****   hspi2.Init.DataSize = SPI_DATASIZE_4BIT;
  47              		.loc 1 68 0
ARM GAS  /tmp/ccae6rxn.s 			page 3


  48 0012 4FF44072 		mov	r2, #768
  49 0016 C260     		str	r2, [r0, #12]
  69:Src/spi.c     ****   hspi2.Init.CLKPolarity = SPI_POLARITY_LOW;
  50              		.loc 1 69 0
  51 0018 0361     		str	r3, [r0, #16]
  70:Src/spi.c     ****   hspi2.Init.CLKPhase = SPI_PHASE_1EDGE;
  52              		.loc 1 70 0
  53 001a 4361     		str	r3, [r0, #20]
  71:Src/spi.c     ****   hspi2.Init.NSS = SPI_NSS_SOFT;
  54              		.loc 1 71 0
  55 001c 4FF40072 		mov	r2, #512
  56 0020 8261     		str	r2, [r0, #24]
  72:Src/spi.c     ****   hspi2.Init.BaudRatePrescaler = SPI_BAUDRATEPRESCALER_2;
  57              		.loc 1 72 0
  58 0022 C361     		str	r3, [r0, #28]
  73:Src/spi.c     ****   hspi2.Init.FirstBit = SPI_FIRSTBIT_MSB;
  59              		.loc 1 73 0
  60 0024 0362     		str	r3, [r0, #32]
  74:Src/spi.c     ****   hspi2.Init.TIMode = SPI_TIMODE_DISABLE;
  61              		.loc 1 74 0
  62 0026 4362     		str	r3, [r0, #36]
  75:Src/spi.c     ****   hspi2.Init.CRCCalculation = SPI_CRCCALCULATION_DISABLE;
  63              		.loc 1 75 0
  64 0028 8362     		str	r3, [r0, #40]
  76:Src/spi.c     ****   hspi2.Init.CRCPolynomial = 7;
  65              		.loc 1 76 0
  66 002a 0722     		movs	r2, #7
  67 002c C262     		str	r2, [r0, #44]
  77:Src/spi.c     ****   hspi2.Init.CRCLength = SPI_CRC_LENGTH_DATASIZE;
  68              		.loc 1 77 0
  69 002e 0363     		str	r3, [r0, #48]
  78:Src/spi.c     ****   hspi2.Init.NSSPMode = SPI_NSS_PULSE_ENABLE;
  70              		.loc 1 78 0
  71 0030 0823     		movs	r3, #8
  72 0032 4363     		str	r3, [r0, #52]
  79:Src/spi.c     ****   if (HAL_SPI_Init(&hspi2) != HAL_OK)
  73              		.loc 1 79 0
  74 0034 FFF7FEFF 		bl	HAL_SPI_Init
  75              	.LVL0:
  76 0038 00B9     		cbnz	r0, .L4
  77              	.L1:
  80:Src/spi.c     ****   {
  81:Src/spi.c     ****     _Error_Handler(__FILE__, __LINE__);
  82:Src/spi.c     ****   }
  83:Src/spi.c     **** 
  84:Src/spi.c     **** }
  78              		.loc 1 84 0
  79 003a 08BD     		pop	{r3, pc}
  80              	.L4:
  81:Src/spi.c     ****   }
  81              		.loc 1 81 0
  82 003c 5121     		movs	r1, #81
  83 003e 0448     		ldr	r0, .L5+8
  84 0040 FFF7FEFF 		bl	_Error_Handler
  85              	.LVL1:
  86              		.loc 1 84 0
  87 0044 F9E7     		b	.L1
ARM GAS  /tmp/ccae6rxn.s 			page 4


  88              	.L6:
  89 0046 00BF     		.align	2
  90              	.L5:
  91 0048 00000000 		.word	hspi2
  92 004c 00380040 		.word	1073756160
  93 0050 00000000 		.word	.LC0
  94              		.cfi_endproc
  95              	.LFE138:
  97              		.section	.text.HAL_SPI_MspInit,"ax",%progbits
  98              		.align	1
  99              		.global	HAL_SPI_MspInit
 100              		.syntax unified
 101              		.thumb
 102              		.thumb_func
 103              		.fpu fpv5-sp-d16
 105              	HAL_SPI_MspInit:
 106              	.LFB139:
  85:Src/spi.c     **** 
  86:Src/spi.c     **** void HAL_SPI_MspInit(SPI_HandleTypeDef* spiHandle)
  87:Src/spi.c     **** {
 107              		.loc 1 87 0
 108              		.cfi_startproc
 109              		@ args = 0, pretend = 0, frame = 24
 110              		@ frame_needed = 0, uses_anonymous_args = 0
 111              	.LVL2:
  88:Src/spi.c     **** 
  89:Src/spi.c     ****   GPIO_InitTypeDef GPIO_InitStruct;
  90:Src/spi.c     ****   if(spiHandle->Instance==SPI2)
 112              		.loc 1 90 0
 113 0000 0268     		ldr	r2, [r0]
 114 0002 154B     		ldr	r3, .L14
 115 0004 9A42     		cmp	r2, r3
 116 0006 00D0     		beq	.L13
 117 0008 7047     		bx	lr
 118              	.L13:
  87:Src/spi.c     **** 
 119              		.loc 1 87 0
 120 000a 70B5     		push	{r4, r5, r6, lr}
 121              	.LCFI1:
 122              		.cfi_def_cfa_offset 16
 123              		.cfi_offset 4, -16
 124              		.cfi_offset 5, -12
 125              		.cfi_offset 6, -8
 126              		.cfi_offset 14, -4
 127 000c 86B0     		sub	sp, sp, #24
 128              	.LCFI2:
 129              		.cfi_def_cfa_offset 40
 130              	.LBB2:
  91:Src/spi.c     ****   {
  92:Src/spi.c     ****   /* USER CODE BEGIN SPI2_MspInit 0 */
  93:Src/spi.c     **** 
  94:Src/spi.c     ****   /* USER CODE END SPI2_MspInit 0 */
  95:Src/spi.c     ****     /* SPI2 clock enable */
  96:Src/spi.c     ****     __HAL_RCC_SPI2_CLK_ENABLE();
 131              		.loc 1 96 0
 132 000e 03F50033 		add	r3, r3, #131072
 133 0012 1A6C     		ldr	r2, [r3, #64]
ARM GAS  /tmp/ccae6rxn.s 			page 5


 134 0014 42F48042 		orr	r2, r2, #16384
 135 0018 1A64     		str	r2, [r3, #64]
 136 001a 1B6C     		ldr	r3, [r3, #64]
 137 001c 03F48043 		and	r3, r3, #16384
 138 0020 0093     		str	r3, [sp]
 139 0022 009B     		ldr	r3, [sp]
 140              	.LBE2:
  97:Src/spi.c     ****   
  98:Src/spi.c     ****     /**SPI2 GPIO Configuration    
  99:Src/spi.c     ****     PI1     ------> SPI2_SCK
 100:Src/spi.c     ****     PB14     ------> SPI2_MISO
 101:Src/spi.c     ****     PB15     ------> SPI2_MOSI 
 102:Src/spi.c     ****     */
 103:Src/spi.c     ****     GPIO_InitStruct.Pin = ARDUINO_SCK_D13_Pin;
 141              		.loc 1 103 0
 142 0024 0225     		movs	r5, #2
 143 0026 0195     		str	r5, [sp, #4]
 104:Src/spi.c     ****     GPIO_InitStruct.Mode = GPIO_MODE_AF_PP;
 144              		.loc 1 104 0
 145 0028 0295     		str	r5, [sp, #8]
 105:Src/spi.c     ****     GPIO_InitStruct.Pull = GPIO_NOPULL;
 146              		.loc 1 105 0
 147 002a 0024     		movs	r4, #0
 148 002c 0394     		str	r4, [sp, #12]
 106:Src/spi.c     ****     GPIO_InitStruct.Speed = GPIO_SPEED_FREQ_LOW;
 149              		.loc 1 106 0
 150 002e 0494     		str	r4, [sp, #16]
 107:Src/spi.c     ****     GPIO_InitStruct.Alternate = GPIO_AF5_SPI2;
 151              		.loc 1 107 0
 152 0030 0526     		movs	r6, #5
 153 0032 0596     		str	r6, [sp, #20]
 108:Src/spi.c     ****     HAL_GPIO_Init(ARDUINO_SCK_D13_GPIO_Port, &GPIO_InitStruct);
 154              		.loc 1 108 0
 155 0034 01A9     		add	r1, sp, #4
 156 0036 0948     		ldr	r0, .L14+4
 157              	.LVL3:
 158 0038 FFF7FEFF 		bl	HAL_GPIO_Init
 159              	.LVL4:
 109:Src/spi.c     **** 
 110:Src/spi.c     ****     GPIO_InitStruct.Pin = ARDUINO_MISO_D12_Pin|ARDUINO_MOSI_PWM_D11_Pin;
 160              		.loc 1 110 0
 161 003c 4FF44043 		mov	r3, #49152
 162 0040 0193     		str	r3, [sp, #4]
 111:Src/spi.c     ****     GPIO_InitStruct.Mode = GPIO_MODE_AF_PP;
 163              		.loc 1 111 0
 164 0042 0295     		str	r5, [sp, #8]
 112:Src/spi.c     ****     GPIO_InitStruct.Pull = GPIO_NOPULL;
 165              		.loc 1 112 0
 166 0044 0394     		str	r4, [sp, #12]
 113:Src/spi.c     ****     GPIO_InitStruct.Speed = GPIO_SPEED_FREQ_LOW;
 167              		.loc 1 113 0
 168 0046 0494     		str	r4, [sp, #16]
 114:Src/spi.c     ****     GPIO_InitStruct.Alternate = GPIO_AF5_SPI2;
 169              		.loc 1 114 0
 170 0048 0596     		str	r6, [sp, #20]
 115:Src/spi.c     ****     HAL_GPIO_Init(GPIOB, &GPIO_InitStruct);
 171              		.loc 1 115 0
ARM GAS  /tmp/ccae6rxn.s 			page 6


 172 004a 01A9     		add	r1, sp, #4
 173 004c 0448     		ldr	r0, .L14+8
 174 004e FFF7FEFF 		bl	HAL_GPIO_Init
 175              	.LVL5:
 116:Src/spi.c     **** 
 117:Src/spi.c     ****   /* USER CODE BEGIN SPI2_MspInit 1 */
 118:Src/spi.c     **** 
 119:Src/spi.c     ****   /* USER CODE END SPI2_MspInit 1 */
 120:Src/spi.c     ****   }
 121:Src/spi.c     **** }
 176              		.loc 1 121 0
 177 0052 06B0     		add	sp, sp, #24
 178              	.LCFI3:
 179              		.cfi_def_cfa_offset 16
 180              		@ sp needed
 181 0054 70BD     		pop	{r4, r5, r6, pc}
 182              	.L15:
 183 0056 00BF     		.align	2
 184              	.L14:
 185 0058 00380040 		.word	1073756160
 186 005c 00200240 		.word	1073881088
 187 0060 00040240 		.word	1073873920
 188              		.cfi_endproc
 189              	.LFE139:
 191              		.section	.text.HAL_SPI_MspDeInit,"ax",%progbits
 192              		.align	1
 193              		.global	HAL_SPI_MspDeInit
 194              		.syntax unified
 195              		.thumb
 196              		.thumb_func
 197              		.fpu fpv5-sp-d16
 199              	HAL_SPI_MspDeInit:
 200              	.LFB140:
 122:Src/spi.c     **** 
 123:Src/spi.c     **** void HAL_SPI_MspDeInit(SPI_HandleTypeDef* spiHandle)
 124:Src/spi.c     **** {
 201              		.loc 1 124 0
 202              		.cfi_startproc
 203              		@ args = 0, pretend = 0, frame = 0
 204              		@ frame_needed = 0, uses_anonymous_args = 0
 205              	.LVL6:
 206 0000 08B5     		push	{r3, lr}
 207              	.LCFI4:
 208              		.cfi_def_cfa_offset 8
 209              		.cfi_offset 3, -8
 210              		.cfi_offset 14, -4
 125:Src/spi.c     **** 
 126:Src/spi.c     ****   if(spiHandle->Instance==SPI2)
 211              		.loc 1 126 0
 212 0002 0268     		ldr	r2, [r0]
 213 0004 094B     		ldr	r3, .L20
 214 0006 9A42     		cmp	r2, r3
 215 0008 00D0     		beq	.L19
 216              	.LVL7:
 217              	.L16:
 127:Src/spi.c     ****   {
 128:Src/spi.c     ****   /* USER CODE BEGIN SPI2_MspDeInit 0 */
ARM GAS  /tmp/ccae6rxn.s 			page 7


 129:Src/spi.c     **** 
 130:Src/spi.c     ****   /* USER CODE END SPI2_MspDeInit 0 */
 131:Src/spi.c     ****     /* Peripheral clock disable */
 132:Src/spi.c     ****     __HAL_RCC_SPI2_CLK_DISABLE();
 133:Src/spi.c     ****   
 134:Src/spi.c     ****     /**SPI2 GPIO Configuration    
 135:Src/spi.c     ****     PI1     ------> SPI2_SCK
 136:Src/spi.c     ****     PB14     ------> SPI2_MISO
 137:Src/spi.c     ****     PB15     ------> SPI2_MOSI 
 138:Src/spi.c     ****     */
 139:Src/spi.c     ****     HAL_GPIO_DeInit(ARDUINO_SCK_D13_GPIO_Port, ARDUINO_SCK_D13_Pin);
 140:Src/spi.c     **** 
 141:Src/spi.c     ****     HAL_GPIO_DeInit(GPIOB, ARDUINO_MISO_D12_Pin|ARDUINO_MOSI_PWM_D11_Pin);
 142:Src/spi.c     **** 
 143:Src/spi.c     ****   /* USER CODE BEGIN SPI2_MspDeInit 1 */
 144:Src/spi.c     **** 
 145:Src/spi.c     ****   /* USER CODE END SPI2_MspDeInit 1 */
 146:Src/spi.c     ****   }
 147:Src/spi.c     **** } 
 218              		.loc 1 147 0
 219 000a 08BD     		pop	{r3, pc}
 220              	.LVL8:
 221              	.L19:
 132:Src/spi.c     ****   
 222              		.loc 1 132 0
 223 000c 084A     		ldr	r2, .L20+4
 224 000e 136C     		ldr	r3, [r2, #64]
 225 0010 23F48043 		bic	r3, r3, #16384
 226 0014 1364     		str	r3, [r2, #64]
 139:Src/spi.c     **** 
 227              		.loc 1 139 0
 228 0016 0221     		movs	r1, #2
 229 0018 0648     		ldr	r0, .L20+8
 230              	.LVL9:
 231 001a FFF7FEFF 		bl	HAL_GPIO_DeInit
 232              	.LVL10:
 141:Src/spi.c     **** 
 233              		.loc 1 141 0
 234 001e 4FF44041 		mov	r1, #49152
 235 0022 0548     		ldr	r0, .L20+12
 236 0024 FFF7FEFF 		bl	HAL_GPIO_DeInit
 237              	.LVL11:
 238              		.loc 1 147 0
 239 0028 EFE7     		b	.L16
 240              	.L21:
 241 002a 00BF     		.align	2
 242              	.L20:
 243 002c 00380040 		.word	1073756160
 244 0030 00380240 		.word	1073887232
 245 0034 00200240 		.word	1073881088
 246 0038 00040240 		.word	1073873920
 247              		.cfi_endproc
 248              	.LFE140:
 250              		.comm	hspi2,100,4
 251              		.section	.rodata.MX_SPI2_Init.str1.4,"aMS",%progbits,1
 252              		.align	2
 253              	.LC0:
ARM GAS  /tmp/ccae6rxn.s 			page 8


 254 0000 5372632F 		.ascii	"Src/spi.c\000"
 254      7370692E 
 254      6300
 255              		.text
 256              	.Letext0:
 257              		.file 2 "/home/warranyu/opt/gcc-arm-none-eabi-7-2018-q2-update/arm-none-eabi/include/machine/_defa
 258              		.file 3 "/home/warranyu/opt/gcc-arm-none-eabi-7-2018-q2-update/arm-none-eabi/include/sys/_stdint.h
 259              		.file 4 "Drivers/CMSIS/Include/core_cm7.h"
 260              		.file 5 "Drivers/CMSIS/Device/ST/STM32F7xx/Include/system_stm32f7xx.h"
 261              		.file 6 "Drivers/CMSIS/Device/ST/STM32F7xx/Include/stm32f746xx.h"
 262              		.file 7 "/home/warranyu/opt/gcc-arm-none-eabi-7-2018-q2-update/arm-none-eabi/include/sys/lock.h"
 263              		.file 8 "/home/warranyu/opt/gcc-arm-none-eabi-7-2018-q2-update/arm-none-eabi/include/sys/_types.h"
 264              		.file 9 "/home/warranyu/opt/gcc-arm-none-eabi-7-2018-q2-update/lib/gcc/arm-none-eabi/7.3.1/include
 265              		.file 10 "/home/warranyu/opt/gcc-arm-none-eabi-7-2018-q2-update/arm-none-eabi/include/sys/reent.h"
 266              		.file 11 "Drivers/STM32F7xx_HAL_Driver/Inc/stm32f7xx_hal_def.h"
 267              		.file 12 "Drivers/STM32F7xx_HAL_Driver/Inc/stm32f7xx_hal_gpio.h"
 268              		.file 13 "Drivers/STM32F7xx_HAL_Driver/Inc/stm32f7xx_hal_dma.h"
 269              		.file 14 "Drivers/STM32F7xx_HAL_Driver/Inc/stm32f7xx_hal_spi.h"
 270              		.file 15 "Inc/spi.h"
ARM GAS  /tmp/ccae6rxn.s 			page 9


DEFINED SYMBOLS
                            *ABS*:0000000000000000 spi.c
     /tmp/ccae6rxn.s:18     .text.MX_SPI2_Init:0000000000000000 $t
     /tmp/ccae6rxn.s:25     .text.MX_SPI2_Init:0000000000000000 MX_SPI2_Init
     /tmp/ccae6rxn.s:91     .text.MX_SPI2_Init:0000000000000048 $d
                            *COM*:0000000000000064 hspi2
     /tmp/ccae6rxn.s:98     .text.HAL_SPI_MspInit:0000000000000000 $t
     /tmp/ccae6rxn.s:105    .text.HAL_SPI_MspInit:0000000000000000 HAL_SPI_MspInit
     /tmp/ccae6rxn.s:185    .text.HAL_SPI_MspInit:0000000000000058 $d
     /tmp/ccae6rxn.s:192    .text.HAL_SPI_MspDeInit:0000000000000000 $t
     /tmp/ccae6rxn.s:199    .text.HAL_SPI_MspDeInit:0000000000000000 HAL_SPI_MspDeInit
     /tmp/ccae6rxn.s:243    .text.HAL_SPI_MspDeInit:000000000000002c $d
     /tmp/ccae6rxn.s:252    .rodata.MX_SPI2_Init.str1.4:0000000000000000 $d

UNDEFINED SYMBOLS
HAL_SPI_Init
_Error_Handler
HAL_GPIO_Init
HAL_GPIO_DeInit
