ARM GAS  /tmp/ccsWwnGI.s 			page 1


   1              		.cpu cortex-m7
   2              		.eabi_attribute 27, 1
   3              		.eabi_attribute 28, 1
   4              		.eabi_attribute 20, 1
   5              		.eabi_attribute 21, 1
   6              		.eabi_attribute 23, 3
   7              		.eabi_attribute 24, 1
   8              		.eabi_attribute 25, 1
   9              		.eabi_attribute 26, 1
  10              		.eabi_attribute 30, 1
  11              		.eabi_attribute 34, 1
  12              		.eabi_attribute 18, 4
  13              		.file	"stm32f7xx_it.c"
  14              		.text
  15              	.Ltext0:
  16              		.cfi_sections	.debug_frame
  17              		.section	.text.SysTick_Handler,"ax",%progbits
  18              		.align	1
  19              		.global	SysTick_Handler
  20              		.syntax unified
  21              		.thumb
  22              		.thumb_func
  23              		.fpu fpv5-sp-d16
  25              	SysTick_Handler:
  26              	.LFB143:
  27              		.file 1 "Src/stm32f7xx_it.c"
   1:Src/stm32f7xx_it.c **** /**
   2:Src/stm32f7xx_it.c ****   ******************************************************************************
   3:Src/stm32f7xx_it.c ****   * @file    stm32f7xx_it.c
   4:Src/stm32f7xx_it.c ****   * @brief   Interrupt Service Routines.
   5:Src/stm32f7xx_it.c ****   ******************************************************************************
   6:Src/stm32f7xx_it.c ****   *
   7:Src/stm32f7xx_it.c ****   * COPYRIGHT(c) 2018 STMicroelectronics
   8:Src/stm32f7xx_it.c ****   *
   9:Src/stm32f7xx_it.c ****   * Redistribution and use in source and binary forms, with or without modification,
  10:Src/stm32f7xx_it.c ****   * are permitted provided that the following conditions are met:
  11:Src/stm32f7xx_it.c ****   *   1. Redistributions of source code must retain the above copyright notice,
  12:Src/stm32f7xx_it.c ****   *      this list of conditions and the following disclaimer.
  13:Src/stm32f7xx_it.c ****   *   2. Redistributions in binary form must reproduce the above copyright notice,
  14:Src/stm32f7xx_it.c ****   *      this list of conditions and the following disclaimer in the documentation
  15:Src/stm32f7xx_it.c ****   *      and/or other materials provided with the distribution.
  16:Src/stm32f7xx_it.c ****   *   3. Neither the name of STMicroelectronics nor the names of its contributors
  17:Src/stm32f7xx_it.c ****   *      may be used to endorse or promote products derived from this software
  18:Src/stm32f7xx_it.c ****   *      without specific prior written permission.
  19:Src/stm32f7xx_it.c ****   *
  20:Src/stm32f7xx_it.c ****   * THIS SOFTWARE IS PROVIDED BY THE COPYRIGHT HOLDERS AND CONTRIBUTORS "AS IS"
  21:Src/stm32f7xx_it.c ****   * AND ANY EXPRESS OR IMPLIED WARRANTIES, INCLUDING, BUT NOT LIMITED TO, THE
  22:Src/stm32f7xx_it.c ****   * IMPLIED WARRANTIES OF MERCHANTABILITY AND FITNESS FOR A PARTICULAR PURPOSE ARE
  23:Src/stm32f7xx_it.c ****   * DISCLAIMED. IN NO EVENT SHALL THE COPYRIGHT HOLDER OR CONTRIBUTORS BE LIABLE
  24:Src/stm32f7xx_it.c ****   * FOR ANY DIRECT, INDIRECT, INCIDENTAL, SPECIAL, EXEMPLARY, OR CONSEQUENTIAL
  25:Src/stm32f7xx_it.c ****   * DAMAGES (INCLUDING, BUT NOT LIMITED TO, PROCUREMENT OF SUBSTITUTE GOODS OR
  26:Src/stm32f7xx_it.c ****   * SERVICES; LOSS OF USE, DATA, OR PROFITS; OR BUSINESS INTERRUPTION) HOWEVER
  27:Src/stm32f7xx_it.c ****   * CAUSED AND ON ANY THEORY OF LIABILITY, WHETHER IN CONTRACT, STRICT LIABILITY,
  28:Src/stm32f7xx_it.c ****   * OR TORT (INCLUDING NEGLIGENCE OR OTHERWISE) ARISING IN ANY WAY OUT OF THE USE
  29:Src/stm32f7xx_it.c ****   * OF THIS SOFTWARE, EVEN IF ADVISED OF THE POSSIBILITY OF SUCH DAMAGE.
  30:Src/stm32f7xx_it.c ****   *
  31:Src/stm32f7xx_it.c ****   ******************************************************************************
ARM GAS  /tmp/ccsWwnGI.s 			page 2


  32:Src/stm32f7xx_it.c ****   */
  33:Src/stm32f7xx_it.c **** /* Includes ------------------------------------------------------------------*/
  34:Src/stm32f7xx_it.c **** #include "stm32f7xx_hal.h"
  35:Src/stm32f7xx_it.c **** #include "stm32f7xx.h"
  36:Src/stm32f7xx_it.c **** #include "stm32f7xx_it.h"
  37:Src/stm32f7xx_it.c **** #include "cmsis_os.h"
  38:Src/stm32f7xx_it.c **** 
  39:Src/stm32f7xx_it.c **** /* USER CODE BEGIN 0 */
  40:Src/stm32f7xx_it.c **** 
  41:Src/stm32f7xx_it.c **** /* USER CODE END 0 */
  42:Src/stm32f7xx_it.c **** 
  43:Src/stm32f7xx_it.c **** /* External variables --------------------------------------------------------*/
  44:Src/stm32f7xx_it.c **** extern ETH_HandleTypeDef heth;
  45:Src/stm32f7xx_it.c **** extern HCD_HandleTypeDef hhcd_USB_OTG_FS;
  46:Src/stm32f7xx_it.c **** extern DMA2D_HandleTypeDef hdma2d;
  47:Src/stm32f7xx_it.c **** extern LTDC_HandleTypeDef hltdc;
  48:Src/stm32f7xx_it.c **** extern HCD_HandleTypeDef hhcd_USB_OTG_HS;
  49:Src/stm32f7xx_it.c **** 
  50:Src/stm32f7xx_it.c **** extern TIM_HandleTypeDef htim6;
  51:Src/stm32f7xx_it.c **** 
  52:Src/stm32f7xx_it.c **** /******************************************************************************/
  53:Src/stm32f7xx_it.c **** /*            Cortex-M7 Processor Interruption and Exception Handlers         */ 
  54:Src/stm32f7xx_it.c **** /******************************************************************************/
  55:Src/stm32f7xx_it.c **** 
  56:Src/stm32f7xx_it.c **** /**
  57:Src/stm32f7xx_it.c **** * @brief This function handles System tick timer.
  58:Src/stm32f7xx_it.c **** */
  59:Src/stm32f7xx_it.c **** void SysTick_Handler(void)
  60:Src/stm32f7xx_it.c **** {
  28              		.loc 1 60 0
  29              		.cfi_startproc
  30              		@ args = 0, pretend = 0, frame = 0
  31              		@ frame_needed = 0, uses_anonymous_args = 0
  32 0000 08B5     		push	{r3, lr}
  33              	.LCFI0:
  34              		.cfi_def_cfa_offset 8
  35              		.cfi_offset 3, -8
  36              		.cfi_offset 14, -4
  61:Src/stm32f7xx_it.c ****   /* USER CODE BEGIN SysTick_IRQn 0 */
  62:Src/stm32f7xx_it.c **** 
  63:Src/stm32f7xx_it.c ****   /* USER CODE END SysTick_IRQn 0 */
  64:Src/stm32f7xx_it.c ****   osSystickHandler();
  37              		.loc 1 64 0
  38 0002 FFF7FEFF 		bl	osSystickHandler
  39              	.LVL0:
  65:Src/stm32f7xx_it.c ****   /* USER CODE BEGIN SysTick_IRQn 1 */
  66:Src/stm32f7xx_it.c **** 
  67:Src/stm32f7xx_it.c ****   /* USER CODE END SysTick_IRQn 1 */
  68:Src/stm32f7xx_it.c **** }
  40              		.loc 1 68 0
  41 0006 08BD     		pop	{r3, pc}
  42              		.cfi_endproc
  43              	.LFE143:
  45              		.section	.text.TIM6_DAC_IRQHandler,"ax",%progbits
  46              		.align	1
  47              		.global	TIM6_DAC_IRQHandler
  48              		.syntax unified
ARM GAS  /tmp/ccsWwnGI.s 			page 3


  49              		.thumb
  50              		.thumb_func
  51              		.fpu fpv5-sp-d16
  53              	TIM6_DAC_IRQHandler:
  54              	.LFB144:
  69:Src/stm32f7xx_it.c **** 
  70:Src/stm32f7xx_it.c **** /******************************************************************************/
  71:Src/stm32f7xx_it.c **** /* STM32F7xx Peripheral Interrupt Handlers                                    */
  72:Src/stm32f7xx_it.c **** /* Add here the Interrupt Handlers for the used peripherals.                  */
  73:Src/stm32f7xx_it.c **** /* For the available peripheral interrupt handler names,                      */
  74:Src/stm32f7xx_it.c **** /* please refer to the startup file (startup_stm32f7xx.s).                    */
  75:Src/stm32f7xx_it.c **** /******************************************************************************/
  76:Src/stm32f7xx_it.c **** 
  77:Src/stm32f7xx_it.c **** /**
  78:Src/stm32f7xx_it.c **** * @brief This function handles TIM6 global interrupt, DAC1 and DAC2 underrun error interrupts.
  79:Src/stm32f7xx_it.c **** */
  80:Src/stm32f7xx_it.c **** void TIM6_DAC_IRQHandler(void)
  81:Src/stm32f7xx_it.c **** {
  55              		.loc 1 81 0
  56              		.cfi_startproc
  57              		@ args = 0, pretend = 0, frame = 0
  58              		@ frame_needed = 0, uses_anonymous_args = 0
  59 0000 08B5     		push	{r3, lr}
  60              	.LCFI1:
  61              		.cfi_def_cfa_offset 8
  62              		.cfi_offset 3, -8
  63              		.cfi_offset 14, -4
  82:Src/stm32f7xx_it.c ****   /* USER CODE BEGIN TIM6_DAC_IRQn 0 */
  83:Src/stm32f7xx_it.c **** 
  84:Src/stm32f7xx_it.c ****   /* USER CODE END TIM6_DAC_IRQn 0 */
  85:Src/stm32f7xx_it.c ****   HAL_TIM_IRQHandler(&htim6);
  64              		.loc 1 85 0
  65 0002 0248     		ldr	r0, .L5
  66 0004 FFF7FEFF 		bl	HAL_TIM_IRQHandler
  67              	.LVL1:
  86:Src/stm32f7xx_it.c ****   /* USER CODE BEGIN TIM6_DAC_IRQn 1 */
  87:Src/stm32f7xx_it.c **** 
  88:Src/stm32f7xx_it.c ****   /* USER CODE END TIM6_DAC_IRQn 1 */
  89:Src/stm32f7xx_it.c **** }
  68              		.loc 1 89 0
  69 0008 08BD     		pop	{r3, pc}
  70              	.L6:
  71 000a 00BF     		.align	2
  72              	.L5:
  73 000c 00000000 		.word	htim6
  74              		.cfi_endproc
  75              	.LFE144:
  77              		.section	.text.ETH_IRQHandler,"ax",%progbits
  78              		.align	1
  79              		.global	ETH_IRQHandler
  80              		.syntax unified
  81              		.thumb
  82              		.thumb_func
  83              		.fpu fpv5-sp-d16
  85              	ETH_IRQHandler:
  86              	.LFB145:
  90:Src/stm32f7xx_it.c **** 
ARM GAS  /tmp/ccsWwnGI.s 			page 4


  91:Src/stm32f7xx_it.c **** /**
  92:Src/stm32f7xx_it.c **** * @brief This function handles Ethernet global interrupt.
  93:Src/stm32f7xx_it.c **** */
  94:Src/stm32f7xx_it.c **** void ETH_IRQHandler(void)
  95:Src/stm32f7xx_it.c **** {
  87              		.loc 1 95 0
  88              		.cfi_startproc
  89              		@ args = 0, pretend = 0, frame = 0
  90              		@ frame_needed = 0, uses_anonymous_args = 0
  91 0000 08B5     		push	{r3, lr}
  92              	.LCFI2:
  93              		.cfi_def_cfa_offset 8
  94              		.cfi_offset 3, -8
  95              		.cfi_offset 14, -4
  96:Src/stm32f7xx_it.c ****   /* USER CODE BEGIN ETH_IRQn 0 */
  97:Src/stm32f7xx_it.c **** 
  98:Src/stm32f7xx_it.c ****   /* USER CODE END ETH_IRQn 0 */
  99:Src/stm32f7xx_it.c ****   HAL_ETH_IRQHandler(&heth);
  96              		.loc 1 99 0
  97 0002 0248     		ldr	r0, .L9
  98 0004 FFF7FEFF 		bl	HAL_ETH_IRQHandler
  99              	.LVL2:
 100:Src/stm32f7xx_it.c ****   /* USER CODE BEGIN ETH_IRQn 1 */
 101:Src/stm32f7xx_it.c **** 
 102:Src/stm32f7xx_it.c ****   /* USER CODE END ETH_IRQn 1 */
 103:Src/stm32f7xx_it.c **** }
 100              		.loc 1 103 0
 101 0008 08BD     		pop	{r3, pc}
 102              	.L10:
 103 000a 00BF     		.align	2
 104              	.L9:
 105 000c 00000000 		.word	heth
 106              		.cfi_endproc
 107              	.LFE145:
 109              		.section	.text.OTG_FS_IRQHandler,"ax",%progbits
 110              		.align	1
 111              		.global	OTG_FS_IRQHandler
 112              		.syntax unified
 113              		.thumb
 114              		.thumb_func
 115              		.fpu fpv5-sp-d16
 117              	OTG_FS_IRQHandler:
 118              	.LFB146:
 104:Src/stm32f7xx_it.c **** 
 105:Src/stm32f7xx_it.c **** /**
 106:Src/stm32f7xx_it.c **** * @brief This function handles USB On The Go FS global interrupt.
 107:Src/stm32f7xx_it.c **** */
 108:Src/stm32f7xx_it.c **** void OTG_FS_IRQHandler(void)
 109:Src/stm32f7xx_it.c **** {
 119              		.loc 1 109 0
 120              		.cfi_startproc
 121              		@ args = 0, pretend = 0, frame = 0
 122              		@ frame_needed = 0, uses_anonymous_args = 0
 123 0000 08B5     		push	{r3, lr}
 124              	.LCFI3:
 125              		.cfi_def_cfa_offset 8
 126              		.cfi_offset 3, -8
ARM GAS  /tmp/ccsWwnGI.s 			page 5


 127              		.cfi_offset 14, -4
 110:Src/stm32f7xx_it.c ****   /* USER CODE BEGIN OTG_FS_IRQn 0 */
 111:Src/stm32f7xx_it.c **** 
 112:Src/stm32f7xx_it.c ****   /* USER CODE END OTG_FS_IRQn 0 */
 113:Src/stm32f7xx_it.c ****   HAL_HCD_IRQHandler(&hhcd_USB_OTG_FS);
 128              		.loc 1 113 0
 129 0002 0248     		ldr	r0, .L13
 130 0004 FFF7FEFF 		bl	HAL_HCD_IRQHandler
 131              	.LVL3:
 114:Src/stm32f7xx_it.c ****   /* USER CODE BEGIN OTG_FS_IRQn 1 */
 115:Src/stm32f7xx_it.c **** 
 116:Src/stm32f7xx_it.c ****   /* USER CODE END OTG_FS_IRQn 1 */
 117:Src/stm32f7xx_it.c **** }
 132              		.loc 1 117 0
 133 0008 08BD     		pop	{r3, pc}
 134              	.L14:
 135 000a 00BF     		.align	2
 136              	.L13:
 137 000c 00000000 		.word	hhcd_USB_OTG_FS
 138              		.cfi_endproc
 139              	.LFE146:
 141              		.section	.text.OTG_HS_IRQHandler,"ax",%progbits
 142              		.align	1
 143              		.global	OTG_HS_IRQHandler
 144              		.syntax unified
 145              		.thumb
 146              		.thumb_func
 147              		.fpu fpv5-sp-d16
 149              	OTG_HS_IRQHandler:
 150              	.LFB147:
 118:Src/stm32f7xx_it.c **** 
 119:Src/stm32f7xx_it.c **** /**
 120:Src/stm32f7xx_it.c **** * @brief This function handles USB On The Go HS global interrupt.
 121:Src/stm32f7xx_it.c **** */
 122:Src/stm32f7xx_it.c **** void OTG_HS_IRQHandler(void)
 123:Src/stm32f7xx_it.c **** {
 151              		.loc 1 123 0
 152              		.cfi_startproc
 153              		@ args = 0, pretend = 0, frame = 0
 154              		@ frame_needed = 0, uses_anonymous_args = 0
 155 0000 08B5     		push	{r3, lr}
 156              	.LCFI4:
 157              		.cfi_def_cfa_offset 8
 158              		.cfi_offset 3, -8
 159              		.cfi_offset 14, -4
 124:Src/stm32f7xx_it.c ****   /* USER CODE BEGIN OTG_HS_IRQn 0 */
 125:Src/stm32f7xx_it.c **** 
 126:Src/stm32f7xx_it.c ****   /* USER CODE END OTG_HS_IRQn 0 */
 127:Src/stm32f7xx_it.c ****   HAL_HCD_IRQHandler(&hhcd_USB_OTG_HS);
 160              		.loc 1 127 0
 161 0002 0248     		ldr	r0, .L17
 162 0004 FFF7FEFF 		bl	HAL_HCD_IRQHandler
 163              	.LVL4:
 128:Src/stm32f7xx_it.c ****   /* USER CODE BEGIN OTG_HS_IRQn 1 */
 129:Src/stm32f7xx_it.c **** 
 130:Src/stm32f7xx_it.c ****   /* USER CODE END OTG_HS_IRQn 1 */
 131:Src/stm32f7xx_it.c **** }
ARM GAS  /tmp/ccsWwnGI.s 			page 6


 164              		.loc 1 131 0
 165 0008 08BD     		pop	{r3, pc}
 166              	.L18:
 167 000a 00BF     		.align	2
 168              	.L17:
 169 000c 00000000 		.word	hhcd_USB_OTG_HS
 170              		.cfi_endproc
 171              	.LFE147:
 173              		.section	.text.LTDC_IRQHandler,"ax",%progbits
 174              		.align	1
 175              		.global	LTDC_IRQHandler
 176              		.syntax unified
 177              		.thumb
 178              		.thumb_func
 179              		.fpu fpv5-sp-d16
 181              	LTDC_IRQHandler:
 182              	.LFB148:
 132:Src/stm32f7xx_it.c **** 
 133:Src/stm32f7xx_it.c **** /**
 134:Src/stm32f7xx_it.c **** * @brief This function handles LTDC global interrupt.
 135:Src/stm32f7xx_it.c **** */
 136:Src/stm32f7xx_it.c **** void LTDC_IRQHandler(void)
 137:Src/stm32f7xx_it.c **** {
 183              		.loc 1 137 0
 184              		.cfi_startproc
 185              		@ args = 0, pretend = 0, frame = 0
 186              		@ frame_needed = 0, uses_anonymous_args = 0
 187 0000 08B5     		push	{r3, lr}
 188              	.LCFI5:
 189              		.cfi_def_cfa_offset 8
 190              		.cfi_offset 3, -8
 191              		.cfi_offset 14, -4
 138:Src/stm32f7xx_it.c ****   /* USER CODE BEGIN LTDC_IRQn 0 */
 139:Src/stm32f7xx_it.c **** 
 140:Src/stm32f7xx_it.c ****   /* USER CODE END LTDC_IRQn 0 */
 141:Src/stm32f7xx_it.c ****   HAL_LTDC_IRQHandler(&hltdc);
 192              		.loc 1 141 0
 193 0002 0248     		ldr	r0, .L21
 194 0004 FFF7FEFF 		bl	HAL_LTDC_IRQHandler
 195              	.LVL5:
 142:Src/stm32f7xx_it.c ****   /* USER CODE BEGIN LTDC_IRQn 1 */
 143:Src/stm32f7xx_it.c **** 
 144:Src/stm32f7xx_it.c ****   /* USER CODE END LTDC_IRQn 1 */
 145:Src/stm32f7xx_it.c **** }
 196              		.loc 1 145 0
 197 0008 08BD     		pop	{r3, pc}
 198              	.L22:
 199 000a 00BF     		.align	2
 200              	.L21:
 201 000c 00000000 		.word	hltdc
 202              		.cfi_endproc
 203              	.LFE148:
 205              		.section	.text.DMA2D_IRQHandler,"ax",%progbits
 206              		.align	1
 207              		.global	DMA2D_IRQHandler
 208              		.syntax unified
 209              		.thumb
ARM GAS  /tmp/ccsWwnGI.s 			page 7


 210              		.thumb_func
 211              		.fpu fpv5-sp-d16
 213              	DMA2D_IRQHandler:
 214              	.LFB149:
 146:Src/stm32f7xx_it.c **** 
 147:Src/stm32f7xx_it.c **** /**
 148:Src/stm32f7xx_it.c **** * @brief This function handles DMA2D global interrupt.
 149:Src/stm32f7xx_it.c **** */
 150:Src/stm32f7xx_it.c **** void DMA2D_IRQHandler(void)
 151:Src/stm32f7xx_it.c **** {
 215              		.loc 1 151 0
 216              		.cfi_startproc
 217              		@ args = 0, pretend = 0, frame = 0
 218              		@ frame_needed = 0, uses_anonymous_args = 0
 219 0000 08B5     		push	{r3, lr}
 220              	.LCFI6:
 221              		.cfi_def_cfa_offset 8
 222              		.cfi_offset 3, -8
 223              		.cfi_offset 14, -4
 152:Src/stm32f7xx_it.c ****   /* USER CODE BEGIN DMA2D_IRQn 0 */
 153:Src/stm32f7xx_it.c **** 
 154:Src/stm32f7xx_it.c ****   /* USER CODE END DMA2D_IRQn 0 */
 155:Src/stm32f7xx_it.c ****   HAL_DMA2D_IRQHandler(&hdma2d);
 224              		.loc 1 155 0
 225 0002 0248     		ldr	r0, .L25
 226 0004 FFF7FEFF 		bl	HAL_DMA2D_IRQHandler
 227              	.LVL6:
 156:Src/stm32f7xx_it.c ****   /* USER CODE BEGIN DMA2D_IRQn 1 */
 157:Src/stm32f7xx_it.c **** 
 158:Src/stm32f7xx_it.c ****   /* USER CODE END DMA2D_IRQn 1 */
 159:Src/stm32f7xx_it.c **** }
 228              		.loc 1 159 0
 229 0008 08BD     		pop	{r3, pc}
 230              	.L26:
 231 000a 00BF     		.align	2
 232              	.L25:
 233 000c 00000000 		.word	hdma2d
 234              		.cfi_endproc
 235              	.LFE149:
 237              		.text
 238              	.Letext0:
 239              		.file 2 "/home/warranyu/opt/gcc-arm-none-eabi-7-2018-q2-update/arm-none-eabi/include/machine/_defa
 240              		.file 3 "/home/warranyu/opt/gcc-arm-none-eabi-7-2018-q2-update/arm-none-eabi/include/sys/_stdint.h
 241              		.file 4 "Drivers/CMSIS/Include/core_cm7.h"
 242              		.file 5 "Drivers/CMSIS/Device/ST/STM32F7xx/Include/system_stm32f7xx.h"
 243              		.file 6 "Drivers/CMSIS/Device/ST/STM32F7xx/Include/stm32f746xx.h"
 244              		.file 7 "/home/warranyu/opt/gcc-arm-none-eabi-7-2018-q2-update/arm-none-eabi/include/sys/lock.h"
 245              		.file 8 "/home/warranyu/opt/gcc-arm-none-eabi-7-2018-q2-update/arm-none-eabi/include/sys/_types.h"
 246              		.file 9 "/home/warranyu/opt/gcc-arm-none-eabi-7-2018-q2-update/lib/gcc/arm-none-eabi/7.3.1/include
 247              		.file 10 "/home/warranyu/opt/gcc-arm-none-eabi-7-2018-q2-update/arm-none-eabi/include/sys/reent.h"
 248              		.file 11 "Drivers/STM32F7xx_HAL_Driver/Inc/stm32f7xx_hal_def.h"
 249              		.file 12 "Drivers/STM32F7xx_HAL_Driver/Inc/stm32f7xx_hal_dma.h"
 250              		.file 13 "Drivers/STM32F7xx_HAL_Driver/Inc/stm32f7xx_hal_dma2d.h"
 251              		.file 14 "Drivers/STM32F7xx_HAL_Driver/Inc/stm32f7xx_hal_eth.h"
 252              		.file 15 "Drivers/STM32F7xx_HAL_Driver/Inc/stm32f7xx_hal_ltdc.h"
 253              		.file 16 "Drivers/STM32F7xx_HAL_Driver/Inc/stm32f7xx_hal_tim.h"
 254              		.file 17 "Drivers/STM32F7xx_HAL_Driver/Inc/stm32f7xx_ll_usb.h"
ARM GAS  /tmp/ccsWwnGI.s 			page 8


 255              		.file 18 "Drivers/STM32F7xx_HAL_Driver/Inc/stm32f7xx_hal_hcd.h"
 256              		.file 19 "Middlewares/Third_Party/FreeRTOS/Source/CMSIS_RTOS/cmsis_os.h"
ARM GAS  /tmp/ccsWwnGI.s 			page 9


DEFINED SYMBOLS
                            *ABS*:0000000000000000 stm32f7xx_it.c
     /tmp/ccsWwnGI.s:18     .text.SysTick_Handler:0000000000000000 $t
     /tmp/ccsWwnGI.s:25     .text.SysTick_Handler:0000000000000000 SysTick_Handler
     /tmp/ccsWwnGI.s:46     .text.TIM6_DAC_IRQHandler:0000000000000000 $t
     /tmp/ccsWwnGI.s:53     .text.TIM6_DAC_IRQHandler:0000000000000000 TIM6_DAC_IRQHandler
     /tmp/ccsWwnGI.s:73     .text.TIM6_DAC_IRQHandler:000000000000000c $d
     /tmp/ccsWwnGI.s:78     .text.ETH_IRQHandler:0000000000000000 $t
     /tmp/ccsWwnGI.s:85     .text.ETH_IRQHandler:0000000000000000 ETH_IRQHandler
     /tmp/ccsWwnGI.s:105    .text.ETH_IRQHandler:000000000000000c $d
     /tmp/ccsWwnGI.s:110    .text.OTG_FS_IRQHandler:0000000000000000 $t
     /tmp/ccsWwnGI.s:117    .text.OTG_FS_IRQHandler:0000000000000000 OTG_FS_IRQHandler
     /tmp/ccsWwnGI.s:137    .text.OTG_FS_IRQHandler:000000000000000c $d
     /tmp/ccsWwnGI.s:142    .text.OTG_HS_IRQHandler:0000000000000000 $t
     /tmp/ccsWwnGI.s:149    .text.OTG_HS_IRQHandler:0000000000000000 OTG_HS_IRQHandler
     /tmp/ccsWwnGI.s:169    .text.OTG_HS_IRQHandler:000000000000000c $d
     /tmp/ccsWwnGI.s:174    .text.LTDC_IRQHandler:0000000000000000 $t
     /tmp/ccsWwnGI.s:181    .text.LTDC_IRQHandler:0000000000000000 LTDC_IRQHandler
     /tmp/ccsWwnGI.s:201    .text.LTDC_IRQHandler:000000000000000c $d
     /tmp/ccsWwnGI.s:206    .text.DMA2D_IRQHandler:0000000000000000 $t
     /tmp/ccsWwnGI.s:213    .text.DMA2D_IRQHandler:0000000000000000 DMA2D_IRQHandler
     /tmp/ccsWwnGI.s:233    .text.DMA2D_IRQHandler:000000000000000c $d

UNDEFINED SYMBOLS
osSystickHandler
HAL_TIM_IRQHandler
htim6
HAL_ETH_IRQHandler
heth
HAL_HCD_IRQHandler
hhcd_USB_OTG_FS
hhcd_USB_OTG_HS
HAL_LTDC_IRQHandler
hltdc
HAL_DMA2D_IRQHandler
hdma2d
