ARM GAS  /tmp/ccazwQT9.s 			page 1


   1              		.cpu cortex-m7
   2              		.eabi_attribute 27, 1
   3              		.eabi_attribute 28, 1
   4              		.eabi_attribute 20, 1
   5              		.eabi_attribute 21, 1
   6              		.eabi_attribute 23, 3
   7              		.eabi_attribute 24, 1
   8              		.eabi_attribute 25, 1
   9              		.eabi_attribute 26, 1
  10              		.eabi_attribute 30, 1
  11              		.eabi_attribute 34, 1
  12              		.eabi_attribute 18, 4
  13              		.file	"usart.c"
  14              		.text
  15              	.Ltext0:
  16              		.cfi_sections	.debug_frame
  17              		.section	.text.MX_USART1_UART_Init,"ax",%progbits
  18              		.align	1
  19              		.global	MX_USART1_UART_Init
  20              		.syntax unified
  21              		.thumb
  22              		.thumb_func
  23              		.fpu fpv5-sp-d16
  25              	MX_USART1_UART_Init:
  26              	.LFB138:
  27              		.file 1 "Src/usart.c"
   1:Src/usart.c   **** /**
   2:Src/usart.c   ****   ******************************************************************************
   3:Src/usart.c   ****   * File Name          : USART.c
   4:Src/usart.c   ****   * Description        : This file provides code for the configuration
   5:Src/usart.c   ****   *                      of the USART instances.
   6:Src/usart.c   ****   ******************************************************************************
   7:Src/usart.c   ****   * This notice applies to any and all portions of this file
   8:Src/usart.c   ****   * that are not between comment pairs USER CODE BEGIN and
   9:Src/usart.c   ****   * USER CODE END. Other portions of this file, whether 
  10:Src/usart.c   ****   * inserted by the user or by software development tools
  11:Src/usart.c   ****   * are owned by their respective copyright owners.
  12:Src/usart.c   ****   *
  13:Src/usart.c   ****   * Copyright (c) 2018 STMicroelectronics International N.V. 
  14:Src/usart.c   ****   * All rights reserved.
  15:Src/usart.c   ****   *
  16:Src/usart.c   ****   * Redistribution and use in source and binary forms, with or without 
  17:Src/usart.c   ****   * modification, are permitted, provided that the following conditions are met:
  18:Src/usart.c   ****   *
  19:Src/usart.c   ****   * 1. Redistribution of source code must retain the above copyright notice, 
  20:Src/usart.c   ****   *    this list of conditions and the following disclaimer.
  21:Src/usart.c   ****   * 2. Redistributions in binary form must reproduce the above copyright notice,
  22:Src/usart.c   ****   *    this list of conditions and the following disclaimer in the documentation
  23:Src/usart.c   ****   *    and/or other materials provided with the distribution.
  24:Src/usart.c   ****   * 3. Neither the name of STMicroelectronics nor the names of other 
  25:Src/usart.c   ****   *    contributors to this software may be used to endorse or promote products 
  26:Src/usart.c   ****   *    derived from this software without specific written permission.
  27:Src/usart.c   ****   * 4. This software, including modifications and/or derivative works of this 
  28:Src/usart.c   ****   *    software, must execute solely and exclusively on microcontroller or
  29:Src/usart.c   ****   *    microprocessor devices manufactured by or for STMicroelectronics.
  30:Src/usart.c   ****   * 5. Redistribution and use of this software other than as permitted under 
  31:Src/usart.c   ****   *    this license is void and will automatically terminate your rights under 
ARM GAS  /tmp/ccazwQT9.s 			page 2


  32:Src/usart.c   ****   *    this license. 
  33:Src/usart.c   ****   *
  34:Src/usart.c   ****   * THIS SOFTWARE IS PROVIDED BY STMICROELECTRONICS AND CONTRIBUTORS "AS IS" 
  35:Src/usart.c   ****   * AND ANY EXPRESS, IMPLIED OR STATUTORY WARRANTIES, INCLUDING, BUT NOT 
  36:Src/usart.c   ****   * LIMITED TO, THE IMPLIED WARRANTIES OF MERCHANTABILITY, FITNESS FOR A 
  37:Src/usart.c   ****   * PARTICULAR PURPOSE AND NON-INFRINGEMENT OF THIRD PARTY INTELLECTUAL PROPERTY
  38:Src/usart.c   ****   * RIGHTS ARE DISCLAIMED TO THE FULLEST EXTENT PERMITTED BY LAW. IN NO EVENT 
  39:Src/usart.c   ****   * SHALL STMICROELECTRONICS OR CONTRIBUTORS BE LIABLE FOR ANY DIRECT, INDIRECT,
  40:Src/usart.c   ****   * INCIDENTAL, SPECIAL, EXEMPLARY, OR CONSEQUENTIAL DAMAGES (INCLUDING, BUT NOT
  41:Src/usart.c   ****   * LIMITED TO, PROCUREMENT OF SUBSTITUTE GOODS OR SERVICES; LOSS OF USE, DATA, 
  42:Src/usart.c   ****   * OR PROFITS; OR BUSINESS INTERRUPTION) HOWEVER CAUSED AND ON ANY THEORY OF 
  43:Src/usart.c   ****   * LIABILITY, WHETHER IN CONTRACT, STRICT LIABILITY, OR TORT (INCLUDING 
  44:Src/usart.c   ****   * NEGLIGENCE OR OTHERWISE) ARISING IN ANY WAY OUT OF THE USE OF THIS SOFTWARE,
  45:Src/usart.c   ****   * EVEN IF ADVISED OF THE POSSIBILITY OF SUCH DAMAGE.
  46:Src/usart.c   ****   *
  47:Src/usart.c   ****   ******************************************************************************
  48:Src/usart.c   ****   */
  49:Src/usart.c   **** 
  50:Src/usart.c   **** /* Includes ------------------------------------------------------------------*/
  51:Src/usart.c   **** #include "usart.h"
  52:Src/usart.c   **** 
  53:Src/usart.c   **** #include "gpio.h"
  54:Src/usart.c   **** 
  55:Src/usart.c   **** /* USER CODE BEGIN 0 */
  56:Src/usart.c   **** 
  57:Src/usart.c   **** /* USER CODE END 0 */
  58:Src/usart.c   **** 
  59:Src/usart.c   **** UART_HandleTypeDef huart1;
  60:Src/usart.c   **** UART_HandleTypeDef huart6;
  61:Src/usart.c   **** 
  62:Src/usart.c   **** /* USART1 init function */
  63:Src/usart.c   **** 
  64:Src/usart.c   **** void MX_USART1_UART_Init(void)
  65:Src/usart.c   **** {
  28              		.loc 1 65 0
  29              		.cfi_startproc
  30              		@ args = 0, pretend = 0, frame = 0
  31              		@ frame_needed = 0, uses_anonymous_args = 0
  32 0000 08B5     		push	{r3, lr}
  33              	.LCFI0:
  34              		.cfi_def_cfa_offset 8
  35              		.cfi_offset 3, -8
  36              		.cfi_offset 14, -4
  66:Src/usart.c   **** 
  67:Src/usart.c   ****   huart1.Instance = USART1;
  37              		.loc 1 67 0
  38 0002 0C48     		ldr	r0, .L5
  39 0004 0C4B     		ldr	r3, .L5+4
  40 0006 0360     		str	r3, [r0]
  68:Src/usart.c   ****   huart1.Init.BaudRate = 115200;
  41              		.loc 1 68 0
  42 0008 4FF4E133 		mov	r3, #115200
  43 000c 4360     		str	r3, [r0, #4]
  69:Src/usart.c   ****   huart1.Init.WordLength = UART_WORDLENGTH_8B;
  44              		.loc 1 69 0
  45 000e 0023     		movs	r3, #0
  46 0010 8360     		str	r3, [r0, #8]
ARM GAS  /tmp/ccazwQT9.s 			page 3


  70:Src/usart.c   ****   huart1.Init.StopBits = UART_STOPBITS_1;
  47              		.loc 1 70 0
  48 0012 C360     		str	r3, [r0, #12]
  71:Src/usart.c   ****   huart1.Init.Parity = UART_PARITY_NONE;
  49              		.loc 1 71 0
  50 0014 0361     		str	r3, [r0, #16]
  72:Src/usart.c   ****   huart1.Init.Mode = UART_MODE_TX_RX;
  51              		.loc 1 72 0
  52 0016 0C22     		movs	r2, #12
  53 0018 4261     		str	r2, [r0, #20]
  73:Src/usart.c   ****   huart1.Init.HwFlowCtl = UART_HWCONTROL_NONE;
  54              		.loc 1 73 0
  55 001a 8361     		str	r3, [r0, #24]
  74:Src/usart.c   ****   huart1.Init.OverSampling = UART_OVERSAMPLING_16;
  56              		.loc 1 74 0
  57 001c C361     		str	r3, [r0, #28]
  75:Src/usart.c   ****   huart1.Init.OneBitSampling = UART_ONE_BIT_SAMPLE_DISABLE;
  58              		.loc 1 75 0
  59 001e 0362     		str	r3, [r0, #32]
  76:Src/usart.c   ****   huart1.AdvancedInit.AdvFeatureInit = UART_ADVFEATURE_NO_INIT;
  60              		.loc 1 76 0
  61 0020 4362     		str	r3, [r0, #36]
  77:Src/usart.c   ****   if (HAL_UART_Init(&huart1) != HAL_OK)
  62              		.loc 1 77 0
  63 0022 FFF7FEFF 		bl	HAL_UART_Init
  64              	.LVL0:
  65 0026 00B9     		cbnz	r0, .L4
  66              	.L1:
  78:Src/usart.c   ****   {
  79:Src/usart.c   ****     _Error_Handler(__FILE__, __LINE__);
  80:Src/usart.c   ****   }
  81:Src/usart.c   **** 
  82:Src/usart.c   **** }
  67              		.loc 1 82 0
  68 0028 08BD     		pop	{r3, pc}
  69              	.L4:
  79:Src/usart.c   ****   }
  70              		.loc 1 79 0
  71 002a 4F21     		movs	r1, #79
  72 002c 0348     		ldr	r0, .L5+8
  73 002e FFF7FEFF 		bl	_Error_Handler
  74              	.LVL1:
  75              		.loc 1 82 0
  76 0032 F9E7     		b	.L1
  77              	.L6:
  78              		.align	2
  79              	.L5:
  80 0034 00000000 		.word	huart1
  81 0038 00100140 		.word	1073811456
  82 003c 00000000 		.word	.LC0
  83              		.cfi_endproc
  84              	.LFE138:
  86              		.section	.text.MX_USART6_UART_Init,"ax",%progbits
  87              		.align	1
  88              		.global	MX_USART6_UART_Init
  89              		.syntax unified
  90              		.thumb
ARM GAS  /tmp/ccazwQT9.s 			page 4


  91              		.thumb_func
  92              		.fpu fpv5-sp-d16
  94              	MX_USART6_UART_Init:
  95              	.LFB139:
  83:Src/usart.c   **** /* USART6 init function */
  84:Src/usart.c   **** 
  85:Src/usart.c   **** void MX_USART6_UART_Init(void)
  86:Src/usart.c   **** {
  96              		.loc 1 86 0
  97              		.cfi_startproc
  98              		@ args = 0, pretend = 0, frame = 0
  99              		@ frame_needed = 0, uses_anonymous_args = 0
 100 0000 08B5     		push	{r3, lr}
 101              	.LCFI1:
 102              		.cfi_def_cfa_offset 8
 103              		.cfi_offset 3, -8
 104              		.cfi_offset 14, -4
  87:Src/usart.c   **** 
  88:Src/usart.c   ****   huart6.Instance = USART6;
 105              		.loc 1 88 0
 106 0002 0C48     		ldr	r0, .L11
 107 0004 0C4B     		ldr	r3, .L11+4
 108 0006 0360     		str	r3, [r0]
  89:Src/usart.c   ****   huart6.Init.BaudRate = 115200;
 109              		.loc 1 89 0
 110 0008 4FF4E133 		mov	r3, #115200
 111 000c 4360     		str	r3, [r0, #4]
  90:Src/usart.c   ****   huart6.Init.WordLength = UART_WORDLENGTH_8B;
 112              		.loc 1 90 0
 113 000e 0023     		movs	r3, #0
 114 0010 8360     		str	r3, [r0, #8]
  91:Src/usart.c   ****   huart6.Init.StopBits = UART_STOPBITS_1;
 115              		.loc 1 91 0
 116 0012 C360     		str	r3, [r0, #12]
  92:Src/usart.c   ****   huart6.Init.Parity = UART_PARITY_NONE;
 117              		.loc 1 92 0
 118 0014 0361     		str	r3, [r0, #16]
  93:Src/usart.c   ****   huart6.Init.Mode = UART_MODE_TX_RX;
 119              		.loc 1 93 0
 120 0016 0C22     		movs	r2, #12
 121 0018 4261     		str	r2, [r0, #20]
  94:Src/usart.c   ****   huart6.Init.HwFlowCtl = UART_HWCONTROL_NONE;
 122              		.loc 1 94 0
 123 001a 8361     		str	r3, [r0, #24]
  95:Src/usart.c   ****   huart6.Init.OverSampling = UART_OVERSAMPLING_16;
 124              		.loc 1 95 0
 125 001c C361     		str	r3, [r0, #28]
  96:Src/usart.c   ****   huart6.Init.OneBitSampling = UART_ONE_BIT_SAMPLE_DISABLE;
 126              		.loc 1 96 0
 127 001e 0362     		str	r3, [r0, #32]
  97:Src/usart.c   ****   huart6.AdvancedInit.AdvFeatureInit = UART_ADVFEATURE_NO_INIT;
 128              		.loc 1 97 0
 129 0020 4362     		str	r3, [r0, #36]
  98:Src/usart.c   ****   if (HAL_UART_Init(&huart6) != HAL_OK)
 130              		.loc 1 98 0
 131 0022 FFF7FEFF 		bl	HAL_UART_Init
 132              	.LVL2:
ARM GAS  /tmp/ccazwQT9.s 			page 5


 133 0026 00B9     		cbnz	r0, .L10
 134              	.L7:
  99:Src/usart.c   ****   {
 100:Src/usart.c   ****     _Error_Handler(__FILE__, __LINE__);
 101:Src/usart.c   ****   }
 102:Src/usart.c   **** 
 103:Src/usart.c   **** }
 135              		.loc 1 103 0
 136 0028 08BD     		pop	{r3, pc}
 137              	.L10:
 100:Src/usart.c   ****   }
 138              		.loc 1 100 0
 139 002a 6421     		movs	r1, #100
 140 002c 0348     		ldr	r0, .L11+8
 141 002e FFF7FEFF 		bl	_Error_Handler
 142              	.LVL3:
 143              		.loc 1 103 0
 144 0032 F9E7     		b	.L7
 145              	.L12:
 146              		.align	2
 147              	.L11:
 148 0034 00000000 		.word	huart6
 149 0038 00140140 		.word	1073812480
 150 003c 00000000 		.word	.LC0
 151              		.cfi_endproc
 152              	.LFE139:
 154              		.section	.text.HAL_UART_MspInit,"ax",%progbits
 155              		.align	1
 156              		.global	HAL_UART_MspInit
 157              		.syntax unified
 158              		.thumb
 159              		.thumb_func
 160              		.fpu fpv5-sp-d16
 162              	HAL_UART_MspInit:
 163              	.LFB140:
 104:Src/usart.c   **** 
 105:Src/usart.c   **** void HAL_UART_MspInit(UART_HandleTypeDef* uartHandle)
 106:Src/usart.c   **** {
 164              		.loc 1 106 0
 165              		.cfi_startproc
 166              		@ args = 0, pretend = 0, frame = 32
 167              		@ frame_needed = 0, uses_anonymous_args = 0
 168              	.LVL4:
 169 0000 70B5     		push	{r4, r5, r6, lr}
 170              	.LCFI2:
 171              		.cfi_def_cfa_offset 16
 172              		.cfi_offset 4, -16
 173              		.cfi_offset 5, -12
 174              		.cfi_offset 6, -8
 175              		.cfi_offset 14, -4
 176 0002 88B0     		sub	sp, sp, #32
 177              	.LCFI3:
 178              		.cfi_def_cfa_offset 48
 107:Src/usart.c   **** 
 108:Src/usart.c   ****   GPIO_InitTypeDef GPIO_InitStruct;
 109:Src/usart.c   ****   if(uartHandle->Instance==USART1)
 179              		.loc 1 109 0
ARM GAS  /tmp/ccazwQT9.s 			page 6


 180 0004 0368     		ldr	r3, [r0]
 181 0006 224A     		ldr	r2, .L19
 182 0008 9342     		cmp	r3, r2
 183 000a 04D0     		beq	.L17
 110:Src/usart.c   ****   {
 111:Src/usart.c   ****   /* USER CODE BEGIN USART1_MspInit 0 */
 112:Src/usart.c   **** 
 113:Src/usart.c   ****   /* USER CODE END USART1_MspInit 0 */
 114:Src/usart.c   ****     /* USART1 clock enable */
 115:Src/usart.c   ****     __HAL_RCC_USART1_CLK_ENABLE();
 116:Src/usart.c   ****   
 117:Src/usart.c   ****     /**USART1 GPIO Configuration    
 118:Src/usart.c   ****     PB7     ------> USART1_RX
 119:Src/usart.c   ****     PA9     ------> USART1_TX 
 120:Src/usart.c   ****     */
 121:Src/usart.c   ****     GPIO_InitStruct.Pin = VCP_RX_Pin;
 122:Src/usart.c   ****     GPIO_InitStruct.Mode = GPIO_MODE_AF_PP;
 123:Src/usart.c   ****     GPIO_InitStruct.Pull = GPIO_NOPULL;
 124:Src/usart.c   ****     GPIO_InitStruct.Speed = GPIO_SPEED_FREQ_LOW;
 125:Src/usart.c   ****     GPIO_InitStruct.Alternate = GPIO_AF7_USART1;
 126:Src/usart.c   ****     HAL_GPIO_Init(VCP_RX_GPIO_Port, &GPIO_InitStruct);
 127:Src/usart.c   **** 
 128:Src/usart.c   ****     GPIO_InitStruct.Pin = VCP_TX_Pin;
 129:Src/usart.c   ****     GPIO_InitStruct.Mode = GPIO_MODE_AF_PP;
 130:Src/usart.c   ****     GPIO_InitStruct.Pull = GPIO_NOPULL;
 131:Src/usart.c   ****     GPIO_InitStruct.Speed = GPIO_SPEED_FREQ_LOW;
 132:Src/usart.c   ****     GPIO_InitStruct.Alternate = GPIO_AF7_USART1;
 133:Src/usart.c   ****     HAL_GPIO_Init(VCP_TX_GPIO_Port, &GPIO_InitStruct);
 134:Src/usart.c   **** 
 135:Src/usart.c   ****   /* USER CODE BEGIN USART1_MspInit 1 */
 136:Src/usart.c   **** 
 137:Src/usart.c   ****   /* USER CODE END USART1_MspInit 1 */
 138:Src/usart.c   ****   }
 139:Src/usart.c   ****   else if(uartHandle->Instance==USART6)
 184              		.loc 1 139 0
 185 000c 214A     		ldr	r2, .L19+4
 186 000e 9342     		cmp	r3, r2
 187 0010 24D0     		beq	.L18
 188              	.LVL5:
 189              	.L13:
 140:Src/usart.c   ****   {
 141:Src/usart.c   ****   /* USER CODE BEGIN USART6_MspInit 0 */
 142:Src/usart.c   **** 
 143:Src/usart.c   ****   /* USER CODE END USART6_MspInit 0 */
 144:Src/usart.c   ****     /* USART6 clock enable */
 145:Src/usart.c   ****     __HAL_RCC_USART6_CLK_ENABLE();
 146:Src/usart.c   ****   
 147:Src/usart.c   ****     /**USART6 GPIO Configuration    
 148:Src/usart.c   ****     PC7     ------> USART6_RX
 149:Src/usart.c   ****     PC6     ------> USART6_TX 
 150:Src/usart.c   ****     */
 151:Src/usart.c   ****     GPIO_InitStruct.Pin = ARDUINO_RX_D0_Pin|ARDUINO_TX_D1_Pin;
 152:Src/usart.c   ****     GPIO_InitStruct.Mode = GPIO_MODE_AF_PP;
 153:Src/usart.c   ****     GPIO_InitStruct.Pull = GPIO_NOPULL;
 154:Src/usart.c   ****     GPIO_InitStruct.Speed = GPIO_SPEED_FREQ_VERY_HIGH;
 155:Src/usart.c   ****     GPIO_InitStruct.Alternate = GPIO_AF8_USART6;
 156:Src/usart.c   ****     HAL_GPIO_Init(GPIOC, &GPIO_InitStruct);
ARM GAS  /tmp/ccazwQT9.s 			page 7


 157:Src/usart.c   **** 
 158:Src/usart.c   ****   /* USER CODE BEGIN USART6_MspInit 1 */
 159:Src/usart.c   **** 
 160:Src/usart.c   ****   /* USER CODE END USART6_MspInit 1 */
 161:Src/usart.c   ****   }
 162:Src/usart.c   **** }
 190              		.loc 1 162 0
 191 0012 08B0     		add	sp, sp, #32
 192              	.LCFI4:
 193              		.cfi_remember_state
 194              		.cfi_def_cfa_offset 16
 195              		@ sp needed
 196 0014 70BD     		pop	{r4, r5, r6, pc}
 197              	.LVL6:
 198              	.L17:
 199              	.LCFI5:
 200              		.cfi_restore_state
 201              	.LBB2:
 115:Src/usart.c   ****   
 202              		.loc 1 115 0
 203 0016 204B     		ldr	r3, .L19+8
 204 0018 5A6C     		ldr	r2, [r3, #68]
 205 001a 42F01002 		orr	r2, r2, #16
 206 001e 5A64     		str	r2, [r3, #68]
 207 0020 5B6C     		ldr	r3, [r3, #68]
 208 0022 03F01003 		and	r3, r3, #16
 209 0026 0193     		str	r3, [sp, #4]
 210 0028 019B     		ldr	r3, [sp, #4]
 211              	.LBE2:
 121:Src/usart.c   ****     GPIO_InitStruct.Mode = GPIO_MODE_AF_PP;
 212              		.loc 1 121 0
 213 002a 8023     		movs	r3, #128
 214 002c 0393     		str	r3, [sp, #12]
 122:Src/usart.c   ****     GPIO_InitStruct.Pull = GPIO_NOPULL;
 215              		.loc 1 122 0
 216 002e 0226     		movs	r6, #2
 217 0030 0496     		str	r6, [sp, #16]
 123:Src/usart.c   ****     GPIO_InitStruct.Speed = GPIO_SPEED_FREQ_LOW;
 218              		.loc 1 123 0
 219 0032 0024     		movs	r4, #0
 220 0034 0594     		str	r4, [sp, #20]
 124:Src/usart.c   ****     GPIO_InitStruct.Alternate = GPIO_AF7_USART1;
 221              		.loc 1 124 0
 222 0036 0694     		str	r4, [sp, #24]
 125:Src/usart.c   ****     HAL_GPIO_Init(VCP_RX_GPIO_Port, &GPIO_InitStruct);
 223              		.loc 1 125 0
 224 0038 0725     		movs	r5, #7
 225 003a 0795     		str	r5, [sp, #28]
 126:Src/usart.c   **** 
 226              		.loc 1 126 0
 227 003c 03A9     		add	r1, sp, #12
 228 003e 1748     		ldr	r0, .L19+12
 229              	.LVL7:
 230 0040 FFF7FEFF 		bl	HAL_GPIO_Init
 231              	.LVL8:
 128:Src/usart.c   ****     GPIO_InitStruct.Mode = GPIO_MODE_AF_PP;
 232              		.loc 1 128 0
ARM GAS  /tmp/ccazwQT9.s 			page 8


 233 0044 4FF40073 		mov	r3, #512
 234 0048 0393     		str	r3, [sp, #12]
 129:Src/usart.c   ****     GPIO_InitStruct.Pull = GPIO_NOPULL;
 235              		.loc 1 129 0
 236 004a 0496     		str	r6, [sp, #16]
 130:Src/usart.c   ****     GPIO_InitStruct.Speed = GPIO_SPEED_FREQ_LOW;
 237              		.loc 1 130 0
 238 004c 0594     		str	r4, [sp, #20]
 131:Src/usart.c   ****     GPIO_InitStruct.Alternate = GPIO_AF7_USART1;
 239              		.loc 1 131 0
 240 004e 0694     		str	r4, [sp, #24]
 132:Src/usart.c   ****     HAL_GPIO_Init(VCP_TX_GPIO_Port, &GPIO_InitStruct);
 241              		.loc 1 132 0
 242 0050 0795     		str	r5, [sp, #28]
 133:Src/usart.c   **** 
 243              		.loc 1 133 0
 244 0052 03A9     		add	r1, sp, #12
 245 0054 1248     		ldr	r0, .L19+16
 246 0056 FFF7FEFF 		bl	HAL_GPIO_Init
 247              	.LVL9:
 248 005a DAE7     		b	.L13
 249              	.LVL10:
 250              	.L18:
 251              	.LBB3:
 145:Src/usart.c   ****   
 252              		.loc 1 145 0
 253 005c 0E4B     		ldr	r3, .L19+8
 254 005e 5A6C     		ldr	r2, [r3, #68]
 255 0060 42F02002 		orr	r2, r2, #32
 256 0064 5A64     		str	r2, [r3, #68]
 257 0066 5B6C     		ldr	r3, [r3, #68]
 258 0068 03F02003 		and	r3, r3, #32
 259 006c 0293     		str	r3, [sp, #8]
 260 006e 029B     		ldr	r3, [sp, #8]
 261              	.LBE3:
 151:Src/usart.c   ****     GPIO_InitStruct.Mode = GPIO_MODE_AF_PP;
 262              		.loc 1 151 0
 263 0070 C023     		movs	r3, #192
 264 0072 0393     		str	r3, [sp, #12]
 152:Src/usart.c   ****     GPIO_InitStruct.Pull = GPIO_NOPULL;
 265              		.loc 1 152 0
 266 0074 0223     		movs	r3, #2
 267 0076 0493     		str	r3, [sp, #16]
 153:Src/usart.c   ****     GPIO_InitStruct.Speed = GPIO_SPEED_FREQ_VERY_HIGH;
 268              		.loc 1 153 0
 269 0078 0023     		movs	r3, #0
 270 007a 0593     		str	r3, [sp, #20]
 154:Src/usart.c   ****     GPIO_InitStruct.Alternate = GPIO_AF8_USART6;
 271              		.loc 1 154 0
 272 007c 0323     		movs	r3, #3
 273 007e 0693     		str	r3, [sp, #24]
 155:Src/usart.c   ****     HAL_GPIO_Init(GPIOC, &GPIO_InitStruct);
 274              		.loc 1 155 0
 275 0080 0823     		movs	r3, #8
 276 0082 0793     		str	r3, [sp, #28]
 156:Src/usart.c   **** 
 277              		.loc 1 156 0
ARM GAS  /tmp/ccazwQT9.s 			page 9


 278 0084 03A9     		add	r1, sp, #12
 279 0086 0748     		ldr	r0, .L19+20
 280              	.LVL11:
 281 0088 FFF7FEFF 		bl	HAL_GPIO_Init
 282              	.LVL12:
 283              		.loc 1 162 0
 284 008c C1E7     		b	.L13
 285              	.L20:
 286 008e 00BF     		.align	2
 287              	.L19:
 288 0090 00100140 		.word	1073811456
 289 0094 00140140 		.word	1073812480
 290 0098 00380240 		.word	1073887232
 291 009c 00040240 		.word	1073873920
 292 00a0 00000240 		.word	1073872896
 293 00a4 00080240 		.word	1073874944
 294              		.cfi_endproc
 295              	.LFE140:
 297              		.section	.text.HAL_UART_MspDeInit,"ax",%progbits
 298              		.align	1
 299              		.global	HAL_UART_MspDeInit
 300              		.syntax unified
 301              		.thumb
 302              		.thumb_func
 303              		.fpu fpv5-sp-d16
 305              	HAL_UART_MspDeInit:
 306              	.LFB141:
 163:Src/usart.c   **** 
 164:Src/usart.c   **** void HAL_UART_MspDeInit(UART_HandleTypeDef* uartHandle)
 165:Src/usart.c   **** {
 307              		.loc 1 165 0
 308              		.cfi_startproc
 309              		@ args = 0, pretend = 0, frame = 0
 310              		@ frame_needed = 0, uses_anonymous_args = 0
 311              	.LVL13:
 312 0000 08B5     		push	{r3, lr}
 313              	.LCFI6:
 314              		.cfi_def_cfa_offset 8
 315              		.cfi_offset 3, -8
 316              		.cfi_offset 14, -4
 166:Src/usart.c   **** 
 167:Src/usart.c   ****   if(uartHandle->Instance==USART1)
 317              		.loc 1 167 0
 318 0002 0368     		ldr	r3, [r0]
 319 0004 104A     		ldr	r2, .L27
 320 0006 9342     		cmp	r3, r2
 321 0008 03D0     		beq	.L25
 168:Src/usart.c   ****   {
 169:Src/usart.c   ****   /* USER CODE BEGIN USART1_MspDeInit 0 */
 170:Src/usart.c   **** 
 171:Src/usart.c   ****   /* USER CODE END USART1_MspDeInit 0 */
 172:Src/usart.c   ****     /* Peripheral clock disable */
 173:Src/usart.c   ****     __HAL_RCC_USART1_CLK_DISABLE();
 174:Src/usart.c   ****   
 175:Src/usart.c   ****     /**USART1 GPIO Configuration    
 176:Src/usart.c   ****     PB7     ------> USART1_RX
 177:Src/usart.c   ****     PA9     ------> USART1_TX 
ARM GAS  /tmp/ccazwQT9.s 			page 10


 178:Src/usart.c   ****     */
 179:Src/usart.c   ****     HAL_GPIO_DeInit(VCP_RX_GPIO_Port, VCP_RX_Pin);
 180:Src/usart.c   **** 
 181:Src/usart.c   ****     HAL_GPIO_DeInit(VCP_TX_GPIO_Port, VCP_TX_Pin);
 182:Src/usart.c   **** 
 183:Src/usart.c   ****   /* USER CODE BEGIN USART1_MspDeInit 1 */
 184:Src/usart.c   **** 
 185:Src/usart.c   ****   /* USER CODE END USART1_MspDeInit 1 */
 186:Src/usart.c   ****   }
 187:Src/usart.c   ****   else if(uartHandle->Instance==USART6)
 322              		.loc 1 187 0
 323 000a 104A     		ldr	r2, .L27+4
 324 000c 9342     		cmp	r3, r2
 325 000e 10D0     		beq	.L26
 326              	.LVL14:
 327              	.L21:
 188:Src/usart.c   ****   {
 189:Src/usart.c   ****   /* USER CODE BEGIN USART6_MspDeInit 0 */
 190:Src/usart.c   **** 
 191:Src/usart.c   ****   /* USER CODE END USART6_MspDeInit 0 */
 192:Src/usart.c   ****     /* Peripheral clock disable */
 193:Src/usart.c   ****     __HAL_RCC_USART6_CLK_DISABLE();
 194:Src/usart.c   ****   
 195:Src/usart.c   ****     /**USART6 GPIO Configuration    
 196:Src/usart.c   ****     PC7     ------> USART6_RX
 197:Src/usart.c   ****     PC6     ------> USART6_TX 
 198:Src/usart.c   ****     */
 199:Src/usart.c   ****     HAL_GPIO_DeInit(GPIOC, ARDUINO_RX_D0_Pin|ARDUINO_TX_D1_Pin);
 200:Src/usart.c   **** 
 201:Src/usart.c   ****   /* USER CODE BEGIN USART6_MspDeInit 1 */
 202:Src/usart.c   **** 
 203:Src/usart.c   ****   /* USER CODE END USART6_MspDeInit 1 */
 204:Src/usart.c   ****   }
 205:Src/usart.c   **** } 
 328              		.loc 1 205 0
 329 0010 08BD     		pop	{r3, pc}
 330              	.LVL15:
 331              	.L25:
 173:Src/usart.c   ****   
 332              		.loc 1 173 0
 333 0012 02F59432 		add	r2, r2, #75776
 334 0016 536C     		ldr	r3, [r2, #68]
 335 0018 23F01003 		bic	r3, r3, #16
 336 001c 5364     		str	r3, [r2, #68]
 179:Src/usart.c   **** 
 337              		.loc 1 179 0
 338 001e 8021     		movs	r1, #128
 339 0020 0B48     		ldr	r0, .L27+8
 340              	.LVL16:
 341 0022 FFF7FEFF 		bl	HAL_GPIO_DeInit
 342              	.LVL17:
 181:Src/usart.c   **** 
 343              		.loc 1 181 0
 344 0026 4FF40071 		mov	r1, #512
 345 002a 0A48     		ldr	r0, .L27+12
 346 002c FFF7FEFF 		bl	HAL_GPIO_DeInit
 347              	.LVL18:
ARM GAS  /tmp/ccazwQT9.s 			page 11


 348 0030 EEE7     		b	.L21
 349              	.LVL19:
 350              	.L26:
 193:Src/usart.c   ****   
 351              		.loc 1 193 0
 352 0032 02F59232 		add	r2, r2, #74752
 353 0036 536C     		ldr	r3, [r2, #68]
 354 0038 23F02003 		bic	r3, r3, #32
 355 003c 5364     		str	r3, [r2, #68]
 199:Src/usart.c   **** 
 356              		.loc 1 199 0
 357 003e C021     		movs	r1, #192
 358 0040 0548     		ldr	r0, .L27+16
 359              	.LVL20:
 360 0042 FFF7FEFF 		bl	HAL_GPIO_DeInit
 361              	.LVL21:
 362              		.loc 1 205 0
 363 0046 E3E7     		b	.L21
 364              	.L28:
 365              		.align	2
 366              	.L27:
 367 0048 00100140 		.word	1073811456
 368 004c 00140140 		.word	1073812480
 369 0050 00040240 		.word	1073873920
 370 0054 00000240 		.word	1073872896
 371 0058 00080240 		.word	1073874944
 372              		.cfi_endproc
 373              	.LFE141:
 375              		.comm	huart6,112,4
 376              		.comm	huart1,112,4
 377              		.section	.rodata.MX_USART1_UART_Init.str1.4,"aMS",%progbits,1
 378              		.align	2
 379              	.LC0:
 380 0000 5372632F 		.ascii	"Src/usart.c\000"
 380      75736172 
 380      742E6300 
 381              		.text
 382              	.Letext0:
 383              		.file 2 "/home/warranyu/opt/gcc-arm-none-eabi-7-2018-q2-update/arm-none-eabi/include/machine/_defa
 384              		.file 3 "/home/warranyu/opt/gcc-arm-none-eabi-7-2018-q2-update/arm-none-eabi/include/sys/_stdint.h
 385              		.file 4 "Drivers/CMSIS/Include/core_cm7.h"
 386              		.file 5 "Drivers/CMSIS/Device/ST/STM32F7xx/Include/system_stm32f7xx.h"
 387              		.file 6 "Drivers/CMSIS/Device/ST/STM32F7xx/Include/stm32f746xx.h"
 388              		.file 7 "/home/warranyu/opt/gcc-arm-none-eabi-7-2018-q2-update/arm-none-eabi/include/sys/lock.h"
 389              		.file 8 "/home/warranyu/opt/gcc-arm-none-eabi-7-2018-q2-update/arm-none-eabi/include/sys/_types.h"
 390              		.file 9 "/home/warranyu/opt/gcc-arm-none-eabi-7-2018-q2-update/lib/gcc/arm-none-eabi/7.3.1/include
 391              		.file 10 "/home/warranyu/opt/gcc-arm-none-eabi-7-2018-q2-update/arm-none-eabi/include/sys/reent.h"
 392              		.file 11 "Drivers/STM32F7xx_HAL_Driver/Inc/stm32f7xx_hal_def.h"
 393              		.file 12 "Drivers/STM32F7xx_HAL_Driver/Inc/stm32f7xx_hal_gpio.h"
 394              		.file 13 "Drivers/STM32F7xx_HAL_Driver/Inc/stm32f7xx_hal_dma.h"
 395              		.file 14 "Drivers/STM32F7xx_HAL_Driver/Inc/stm32f7xx_hal_uart.h"
 396              		.file 15 "Inc/usart.h"
ARM GAS  /tmp/ccazwQT9.s 			page 12


DEFINED SYMBOLS
                            *ABS*:0000000000000000 usart.c
     /tmp/ccazwQT9.s:18     .text.MX_USART1_UART_Init:0000000000000000 $t
     /tmp/ccazwQT9.s:25     .text.MX_USART1_UART_Init:0000000000000000 MX_USART1_UART_Init
     /tmp/ccazwQT9.s:80     .text.MX_USART1_UART_Init:0000000000000034 $d
                            *COM*:0000000000000070 huart1
     /tmp/ccazwQT9.s:87     .text.MX_USART6_UART_Init:0000000000000000 $t
     /tmp/ccazwQT9.s:94     .text.MX_USART6_UART_Init:0000000000000000 MX_USART6_UART_Init
     /tmp/ccazwQT9.s:148    .text.MX_USART6_UART_Init:0000000000000034 $d
                            *COM*:0000000000000070 huart6
     /tmp/ccazwQT9.s:155    .text.HAL_UART_MspInit:0000000000000000 $t
     /tmp/ccazwQT9.s:162    .text.HAL_UART_MspInit:0000000000000000 HAL_UART_MspInit
     /tmp/ccazwQT9.s:288    .text.HAL_UART_MspInit:0000000000000090 $d
     /tmp/ccazwQT9.s:298    .text.HAL_UART_MspDeInit:0000000000000000 $t
     /tmp/ccazwQT9.s:305    .text.HAL_UART_MspDeInit:0000000000000000 HAL_UART_MspDeInit
     /tmp/ccazwQT9.s:367    .text.HAL_UART_MspDeInit:0000000000000048 $d
     /tmp/ccazwQT9.s:378    .rodata.MX_USART1_UART_Init.str1.4:0000000000000000 $d

UNDEFINED SYMBOLS
HAL_UART_Init
_Error_Handler
HAL_GPIO_Init
HAL_GPIO_DeInit
