ARM GAS  /tmp/ccj5BqSi.s 			page 1


   1              		.cpu cortex-m7
   2              		.eabi_attribute 27, 1
   3              		.eabi_attribute 28, 1
   4              		.eabi_attribute 20, 1
   5              		.eabi_attribute 21, 1
   6              		.eabi_attribute 23, 3
   7              		.eabi_attribute 24, 1
   8              		.eabi_attribute 25, 1
   9              		.eabi_attribute 26, 1
  10              		.eabi_attribute 30, 1
  11              		.eabi_attribute 34, 1
  12              		.eabi_attribute 18, 4
  13              		.file	"usb_otg_hs.c"
  14              		.text
  15              	.Ltext0:
  16              		.cfi_sections	.debug_frame
  17              		.section	.text.MX_USB_OTG_HS_HCD_Init,"ax",%progbits
  18              		.align	1
  19              		.global	MX_USB_OTG_HS_HCD_Init
  20              		.syntax unified
  21              		.thumb
  22              		.thumb_func
  23              		.fpu fpv5-sp-d16
  25              	MX_USB_OTG_HS_HCD_Init:
  26              	.LFB138:
  27              		.file 1 "Src/usb_otg_hs.c"
   1:Src/usb_otg_hs.c **** /**
   2:Src/usb_otg_hs.c ****   ******************************************************************************
   3:Src/usb_otg_hs.c ****   * File Name          : USB_OTG_HS.c
   4:Src/usb_otg_hs.c ****   * Description        : This file provides code for the configuration
   5:Src/usb_otg_hs.c ****   *                      of the USB_OTG_HS instances.
   6:Src/usb_otg_hs.c ****   ******************************************************************************
   7:Src/usb_otg_hs.c ****   * This notice applies to any and all portions of this file
   8:Src/usb_otg_hs.c ****   * that are not between comment pairs USER CODE BEGIN and
   9:Src/usb_otg_hs.c ****   * USER CODE END. Other portions of this file, whether 
  10:Src/usb_otg_hs.c ****   * inserted by the user or by software development tools
  11:Src/usb_otg_hs.c ****   * are owned by their respective copyright owners.
  12:Src/usb_otg_hs.c ****   *
  13:Src/usb_otg_hs.c ****   * Copyright (c) 2018 STMicroelectronics International N.V. 
  14:Src/usb_otg_hs.c ****   * All rights reserved.
  15:Src/usb_otg_hs.c ****   *
  16:Src/usb_otg_hs.c ****   * Redistribution and use in source and binary forms, with or without 
  17:Src/usb_otg_hs.c ****   * modification, are permitted, provided that the following conditions are met:
  18:Src/usb_otg_hs.c ****   *
  19:Src/usb_otg_hs.c ****   * 1. Redistribution of source code must retain the above copyright notice, 
  20:Src/usb_otg_hs.c ****   *    this list of conditions and the following disclaimer.
  21:Src/usb_otg_hs.c ****   * 2. Redistributions in binary form must reproduce the above copyright notice,
  22:Src/usb_otg_hs.c ****   *    this list of conditions and the following disclaimer in the documentation
  23:Src/usb_otg_hs.c ****   *    and/or other materials provided with the distribution.
  24:Src/usb_otg_hs.c ****   * 3. Neither the name of STMicroelectronics nor the names of other 
  25:Src/usb_otg_hs.c ****   *    contributors to this software may be used to endorse or promote products 
  26:Src/usb_otg_hs.c ****   *    derived from this software without specific written permission.
  27:Src/usb_otg_hs.c ****   * 4. This software, including modifications and/or derivative works of this 
  28:Src/usb_otg_hs.c ****   *    software, must execute solely and exclusively on microcontroller or
  29:Src/usb_otg_hs.c ****   *    microprocessor devices manufactured by or for STMicroelectronics.
  30:Src/usb_otg_hs.c ****   * 5. Redistribution and use of this software other than as permitted under 
  31:Src/usb_otg_hs.c ****   *    this license is void and will automatically terminate your rights under 
ARM GAS  /tmp/ccj5BqSi.s 			page 2


  32:Src/usb_otg_hs.c ****   *    this license. 
  33:Src/usb_otg_hs.c ****   *
  34:Src/usb_otg_hs.c ****   * THIS SOFTWARE IS PROVIDED BY STMICROELECTRONICS AND CONTRIBUTORS "AS IS" 
  35:Src/usb_otg_hs.c ****   * AND ANY EXPRESS, IMPLIED OR STATUTORY WARRANTIES, INCLUDING, BUT NOT 
  36:Src/usb_otg_hs.c ****   * LIMITED TO, THE IMPLIED WARRANTIES OF MERCHANTABILITY, FITNESS FOR A 
  37:Src/usb_otg_hs.c ****   * PARTICULAR PURPOSE AND NON-INFRINGEMENT OF THIRD PARTY INTELLECTUAL PROPERTY
  38:Src/usb_otg_hs.c ****   * RIGHTS ARE DISCLAIMED TO THE FULLEST EXTENT PERMITTED BY LAW. IN NO EVENT 
  39:Src/usb_otg_hs.c ****   * SHALL STMICROELECTRONICS OR CONTRIBUTORS BE LIABLE FOR ANY DIRECT, INDIRECT,
  40:Src/usb_otg_hs.c ****   * INCIDENTAL, SPECIAL, EXEMPLARY, OR CONSEQUENTIAL DAMAGES (INCLUDING, BUT NOT
  41:Src/usb_otg_hs.c ****   * LIMITED TO, PROCUREMENT OF SUBSTITUTE GOODS OR SERVICES; LOSS OF USE, DATA, 
  42:Src/usb_otg_hs.c ****   * OR PROFITS; OR BUSINESS INTERRUPTION) HOWEVER CAUSED AND ON ANY THEORY OF 
  43:Src/usb_otg_hs.c ****   * LIABILITY, WHETHER IN CONTRACT, STRICT LIABILITY, OR TORT (INCLUDING 
  44:Src/usb_otg_hs.c ****   * NEGLIGENCE OR OTHERWISE) ARISING IN ANY WAY OUT OF THE USE OF THIS SOFTWARE,
  45:Src/usb_otg_hs.c ****   * EVEN IF ADVISED OF THE POSSIBILITY OF SUCH DAMAGE.
  46:Src/usb_otg_hs.c ****   *
  47:Src/usb_otg_hs.c ****   ******************************************************************************
  48:Src/usb_otg_hs.c ****   */
  49:Src/usb_otg_hs.c **** 
  50:Src/usb_otg_hs.c **** /* Includes ------------------------------------------------------------------*/
  51:Src/usb_otg_hs.c **** #include "usb_otg_hs.h"
  52:Src/usb_otg_hs.c **** 
  53:Src/usb_otg_hs.c **** #include "gpio.h"
  54:Src/usb_otg_hs.c **** 
  55:Src/usb_otg_hs.c **** /* USER CODE BEGIN 0 */
  56:Src/usb_otg_hs.c **** 
  57:Src/usb_otg_hs.c **** /* USER CODE END 0 */
  58:Src/usb_otg_hs.c **** 
  59:Src/usb_otg_hs.c **** HCD_HandleTypeDef hhcd_USB_OTG_HS;
  60:Src/usb_otg_hs.c **** 
  61:Src/usb_otg_hs.c **** /* USB_OTG_HS init function */
  62:Src/usb_otg_hs.c **** 
  63:Src/usb_otg_hs.c **** void MX_USB_OTG_HS_HCD_Init(void)
  64:Src/usb_otg_hs.c **** {
  28              		.loc 1 64 0
  29              		.cfi_startproc
  30              		@ args = 0, pretend = 0, frame = 0
  31              		@ frame_needed = 0, uses_anonymous_args = 0
  32 0000 08B5     		push	{r3, lr}
  33              	.LCFI0:
  34              		.cfi_def_cfa_offset 8
  35              		.cfi_offset 3, -8
  36              		.cfi_offset 14, -4
  65:Src/usb_otg_hs.c **** 
  66:Src/usb_otg_hs.c ****   hhcd_USB_OTG_HS.Instance = USB_OTG_HS;
  37              		.loc 1 66 0
  38 0002 0B48     		ldr	r0, .L5
  39 0004 0B4B     		ldr	r3, .L5+4
  40 0006 0360     		str	r3, [r0]
  67:Src/usb_otg_hs.c ****   hhcd_USB_OTG_HS.Init.Host_channels = 12;
  41              		.loc 1 67 0
  42 0008 0C23     		movs	r3, #12
  43 000a 8360     		str	r3, [r0, #8]
  68:Src/usb_otg_hs.c ****   hhcd_USB_OTG_HS.Init.speed = HCD_SPEED_HIGH;
  44              		.loc 1 68 0
  45 000c 0023     		movs	r3, #0
  46 000e C360     		str	r3, [r0, #12]
  69:Src/usb_otg_hs.c ****   hhcd_USB_OTG_HS.Init.dma_enable = DISABLE;
ARM GAS  /tmp/ccj5BqSi.s 			page 3


  47              		.loc 1 69 0
  48 0010 0361     		str	r3, [r0, #16]
  70:Src/usb_otg_hs.c ****   hhcd_USB_OTG_HS.Init.phy_itface = USB_OTG_ULPI_PHY;
  49              		.loc 1 70 0
  50 0012 0122     		movs	r2, #1
  51 0014 8261     		str	r2, [r0, #24]
  71:Src/usb_otg_hs.c ****   hhcd_USB_OTG_HS.Init.Sof_enable = DISABLE;
  52              		.loc 1 71 0
  53 0016 C361     		str	r3, [r0, #28]
  72:Src/usb_otg_hs.c ****   hhcd_USB_OTG_HS.Init.low_power_enable = DISABLE;
  54              		.loc 1 72 0
  55 0018 0362     		str	r3, [r0, #32]
  73:Src/usb_otg_hs.c ****   hhcd_USB_OTG_HS.Init.use_external_vbus = ENABLE;
  56              		.loc 1 73 0
  57 001a 4263     		str	r2, [r0, #52]
  74:Src/usb_otg_hs.c ****   if (HAL_HCD_Init(&hhcd_USB_OTG_HS) != HAL_OK)
  58              		.loc 1 74 0
  59 001c FFF7FEFF 		bl	HAL_HCD_Init
  60              	.LVL0:
  61 0020 00B9     		cbnz	r0, .L4
  62              	.L1:
  75:Src/usb_otg_hs.c ****   {
  76:Src/usb_otg_hs.c ****     _Error_Handler(__FILE__, __LINE__);
  77:Src/usb_otg_hs.c ****   }
  78:Src/usb_otg_hs.c **** 
  79:Src/usb_otg_hs.c **** }
  63              		.loc 1 79 0
  64 0022 08BD     		pop	{r3, pc}
  65              	.L4:
  76:Src/usb_otg_hs.c ****   }
  66              		.loc 1 76 0
  67 0024 4C21     		movs	r1, #76
  68 0026 0448     		ldr	r0, .L5+8
  69 0028 FFF7FEFF 		bl	_Error_Handler
  70              	.LVL1:
  71              		.loc 1 79 0
  72 002c F9E7     		b	.L1
  73              	.L6:
  74 002e 00BF     		.align	2
  75              	.L5:
  76 0030 00000000 		.word	hhcd_USB_OTG_HS
  77 0034 00000440 		.word	1074003968
  78 0038 00000000 		.word	.LC0
  79              		.cfi_endproc
  80              	.LFE138:
  82              		.comm	hhcd_USB_OTG_HS,664,4
  83              		.section	.rodata.MX_USB_OTG_HS_HCD_Init.str1.4,"aMS",%progbits,1
  84              		.align	2
  85              	.LC0:
  86 0000 5372632F 		.ascii	"Src/usb_otg_hs.c\000"
  86      7573625F 
  86      6F74675F 
  86      68732E63 
  86      00
  87              		.text
  88              	.Letext0:
  89              		.file 2 "/home/warranyu/opt/gcc-arm-none-eabi-7-2018-q2-update/arm-none-eabi/include/machine/_defa
ARM GAS  /tmp/ccj5BqSi.s 			page 4


  90              		.file 3 "/home/warranyu/opt/gcc-arm-none-eabi-7-2018-q2-update/arm-none-eabi/include/sys/_stdint.h
  91              		.file 4 "Drivers/CMSIS/Include/core_cm7.h"
  92              		.file 5 "Drivers/CMSIS/Device/ST/STM32F7xx/Include/system_stm32f7xx.h"
  93              		.file 6 "Drivers/CMSIS/Device/ST/STM32F7xx/Include/stm32f746xx.h"
  94              		.file 7 "/home/warranyu/opt/gcc-arm-none-eabi-7-2018-q2-update/arm-none-eabi/include/sys/lock.h"
  95              		.file 8 "/home/warranyu/opt/gcc-arm-none-eabi-7-2018-q2-update/arm-none-eabi/include/sys/_types.h"
  96              		.file 9 "/home/warranyu/opt/gcc-arm-none-eabi-7-2018-q2-update/lib/gcc/arm-none-eabi/7.3.1/include
  97              		.file 10 "/home/warranyu/opt/gcc-arm-none-eabi-7-2018-q2-update/arm-none-eabi/include/sys/reent.h"
  98              		.file 11 "Drivers/CMSIS/Device/ST/STM32F7xx/Include/stm32f7xx.h"
  99              		.file 12 "Drivers/STM32F7xx_HAL_Driver/Inc/stm32f7xx_hal_def.h"
 100              		.file 13 "Drivers/STM32F7xx_HAL_Driver/Inc/stm32f7xx_ll_usb.h"
 101              		.file 14 "Drivers/STM32F7xx_HAL_Driver/Inc/stm32f7xx_hal_hcd.h"
 102              		.file 15 "Inc/usb_otg_hs.h"
ARM GAS  /tmp/ccj5BqSi.s 			page 5


DEFINED SYMBOLS
                            *ABS*:0000000000000000 usb_otg_hs.c
     /tmp/ccj5BqSi.s:18     .text.MX_USB_OTG_HS_HCD_Init:0000000000000000 $t
     /tmp/ccj5BqSi.s:25     .text.MX_USB_OTG_HS_HCD_Init:0000000000000000 MX_USB_OTG_HS_HCD_Init
     /tmp/ccj5BqSi.s:76     .text.MX_USB_OTG_HS_HCD_Init:0000000000000030 $d
                            *COM*:0000000000000298 hhcd_USB_OTG_HS
     /tmp/ccj5BqSi.s:84     .rodata.MX_USB_OTG_HS_HCD_Init.str1.4:0000000000000000 $d

UNDEFINED SYMBOLS
HAL_HCD_Init
_Error_Handler
